<?xml version="1.0" encoding="UTF-8"?>
<!-- Generated by org.testng.reporters.JUnitXMLReporter -->
<testsuite ignored="0" hostname="ashoksinh" failures="0" tests="602" name="Default test" time="1179.023" errors="0" timestamp="2025-02-07T12:36:23 IST">
  <testcase classname="my_projects.ALT_Tag" name="checkAltTags" time="12.21"/>
  <testcase classname="my_projects.ALT_Tag" name="checkAltTags" time="4.62"/>
  <testcase classname="my_projects.ALT_Tag" name="checkAltTags" time="7.765"/>
  <testcase classname="my_projects.ALT_Tag" name="checkAltTags" time="2.679"/>
  <testcase classname="my_projects.ALT_Tag" name="checkAltTags" time="0.937"/>
  <testcase classname="my_projects.ALT_Tag" name="checkAltTags" time="1.522"/>
  <testcase classname="my_projects.ALT_Tag" name="checkAltTags" time="1.976"/>
  <testcase classname="my_projects.ALT_Tag" name="checkAltTags" time="1.621"/>
  <testcase classname="my_projects.ALT_Tag" name="checkAltTags" time="1.593"/>
  <testcase classname="my_projects.ALT_Tag" name="checkAltTags" time="1.026"/>
  <testcase classname="my_projects.ALT_Tag" name="checkAltTags" time="1.605"/>
  <testcase classname="my_projects.ALT_Tag" name="checkAltTags" time="2.67"/>
  <testcase classname="my_projects.ALT_Tag" name="checkAltTags" time="1.483"/>
  <testcase classname="my_projects.ALT_Tag" name="checkAltTags" time="0.845"/>
  <testcase classname="my_projects.ALT_Tag" name="checkAltTags" time="1.809"/>
  <testcase classname="my_projects.ALT_Tag" name="checkAltTags" time="1.737"/>
  <testcase classname="my_projects.ALT_Tag" name="checkAltTags" time="0.881"/>
  <testcase classname="my_projects.ALT_Tag" name="checkAltTags" time="1.343"/>
  <testcase classname="my_projects.ALT_Tag" name="checkAltTags" time="0.911"/>
  <testcase classname="my_projects.ALT_Tag" name="checkAltTags" time="1.556"/>
  <testcase classname="my_projects.ALT_Tag" name="checkAltTags" time="0.849"/>
  <testcase classname="my_projects.ALT_Tag" name="checkAltTags" time="1.518"/>
  <testcase classname="my_projects.ALT_Tag" name="checkAltTags" time="1.781"/>
  <testcase classname="my_projects.ALT_Tag" name="checkAltTags" time="1.765"/>
  <testcase classname="my_projects.ALT_Tag" name="checkAltTags" time="0.957"/>
  <testcase classname="my_projects.ALT_Tag" name="checkAltTags" time="4.456"/>
  <testcase classname="my_projects.ALT_Tag" name="checkAltTags" time="5.436"/>
  <testcase classname="my_projects.ALT_Tag" name="checkAltTags" time="6.388"/>
  <testcase classname="my_projects.ALT_Tag" name="checkAltTags" time="5.586"/>
  <testcase classname="my_projects.ALT_Tag" name="checkAltTags" time="5.077"/>
  <testcase classname="my_projects.ALT_Tag" name="checkAltTags" time="2.719"/>
  <testcase classname="my_projects.ALT_Tag" name="checkAltTags" time="2.086"/>
  <testcase classname="my_projects.ALT_Tag" name="checkAltTags" time="2.642"/>
  <testcase classname="my_projects.ALT_Tag" name="checkAltTags" time="3.235"/>
  <testcase classname="my_projects.ALT_Tag" name="checkAltTags" time="2.057"/>
  <testcase classname="my_projects.ALT_Tag" name="checkAltTags" time="2.528"/>
  <testcase classname="my_projects.ALT_Tag" name="checkAltTags" time="2.581"/>
  <testcase classname="my_projects.ALT_Tag" name="checkAltTags" time="2.259"/>
  <testcase classname="my_projects.ALT_Tag" name="checkAltTags" time="1.894"/>
  <testcase classname="my_projects.ALT_Tag" name="checkAltTags" time="2.56"/>
  <testcase classname="my_projects.ALT_Tag" name="checkAltTags" time="2.028"/>
  <testcase classname="my_projects.ALT_Tag" name="checkAltTags" time="1.253"/>
  <testcase classname="my_projects.ALT_Tag" name="checkAltTags" time="2.419"/>
  <testcase classname="my_projects.ALT_Tag" name="checkAltTags" time="1.532"/>
  <testcase classname="my_projects.ALT_Tag" name="checkAltTags" time="3.347"/>
  <testcase classname="my_projects.ALT_Tag" name="checkAltTags" time="1.173"/>
  <testcase classname="my_projects.ALT_Tag" name="checkAltTags" time="1.437"/>
  <testcase classname="my_projects.ALT_Tag" name="checkAltTags" time="4.312"/>
  <testcase classname="my_projects.ALT_Tag" name="checkAltTags" time="1.799"/>
  <testcase classname="my_projects.ALT_Tag" name="checkAltTags" time="1.29"/>
  <testcase classname="my_projects.ALT_Tag" name="checkAltTags" time="1.292"/>
  <testcase classname="my_projects.ALT_Tag" name="checkAltTags" time="1.708"/>
  <testcase classname="my_projects.ALT_Tag" name="checkAltTags" time="1.254"/>
  <testcase classname="my_projects.ALT_Tag" name="checkAltTags" time="1.283"/>
  <testcase classname="my_projects.ALT_Tag" name="checkAltTags" time="1.27"/>
  <testcase classname="my_projects.ALT_Tag" name="checkAltTags" time="1.842"/>
  <testcase classname="my_projects.ALT_Tag" name="checkAltTags" time="1.363"/>
  <testcase classname="my_projects.ALT_Tag" name="checkAltTags" time="1.3"/>
  <testcase classname="my_projects.ALT_Tag" name="checkAltTags" time="1.216"/>
  <testcase classname="my_projects.ALT_Tag" name="checkAltTags" time="2.596"/>
  <testcase classname="my_projects.ALT_Tag" name="checkAltTags" time="1.243"/>
  <testcase classname="my_projects.ALT_Tag" name="checkAltTags" time="1.174"/>
  <testcase classname="my_projects.ALT_Tag" name="checkAltTags" time="1.11"/>
  <testcase classname="my_projects.ALT_Tag" name="checkAltTags" time="1.206"/>
  <testcase classname="my_projects.ALT_Tag" name="checkAltTags" time="1.45"/>
  <testcase classname="my_projects.ALT_Tag" name="checkAltTags" time="1.674"/>
  <testcase classname="my_projects.ALT_Tag" name="checkAltTags" time="1.638"/>
  <testcase classname="my_projects.ALT_Tag" name="checkAltTags" time="1.179"/>
  <testcase classname="my_projects.ALT_Tag" name="checkAltTags" time="1.27"/>
  <testcase classname="my_projects.ALT_Tag" name="checkAltTags" time="1.007"/>
  <testcase classname="my_projects.ALT_Tag" name="checkAltTags" time="1.132"/>
  <testcase classname="my_projects.ALT_Tag" name="checkAltTags" time="1.187"/>
  <testcase classname="my_projects.ALT_Tag" name="checkAltTags" time="1.011"/>
  <testcase classname="my_projects.ALT_Tag" name="checkAltTags" time="2.343"/>
  <testcase classname="my_projects.ALT_Tag" name="checkAltTags" time="1.227"/>
  <testcase classname="my_projects.ALT_Tag" name="checkAltTags" time="1.253"/>
  <testcase classname="my_projects.ALT_Tag" name="checkAltTags" time="1.167"/>
  <testcase classname="my_projects.ALT_Tag" name="checkAltTags" time="1.076"/>
  <testcase classname="my_projects.ALT_Tag" name="checkAltTags" time="1.023"/>
  <testcase classname="my_projects.ALT_Tag" name="checkAltTags" time="1.422"/>
  <testcase classname="my_projects.ALT_Tag" name="checkAltTags" time="0.938"/>
  <testcase classname="my_projects.ALT_Tag" name="checkAltTags" time="1.135"/>
  <testcase classname="my_projects.ALT_Tag" name="checkAltTags" time="1.055"/>
  <testcase classname="my_projects.ALT_Tag" name="checkAltTags" time="1.086"/>
  <testcase classname="my_projects.ALT_Tag" name="checkAltTags" time="1.937"/>
  <testcase classname="my_projects.ALT_Tag" name="checkAltTags" time="1.435"/>
  <testcase classname="my_projects.ALT_Tag" name="checkAltTags" time="1.073"/>
  <testcase classname="my_projects.ALT_Tag" name="checkAltTags" time="1.426"/>
  <testcase classname="my_projects.ALT_Tag" name="checkAltTags" time="2.993"/>
  <testcase classname="my_projects.ALT_Tag" name="checkAltTags" time="4.328"/>
  <testcase classname="my_projects.ALT_Tag" name="checkAltTags" time="1.327"/>
  <testcase classname="my_projects.ALT_Tag" name="checkAltTags" time="1.112"/>
  <testcase classname="my_projects.ALT_Tag" name="checkAltTags" time="1.194"/>
  <testcase classname="my_projects.ALT_Tag" name="checkAltTags" time="1.029"/>
  <testcase classname="my_projects.ALT_Tag" name="checkAltTags" time="1.612"/>
  <testcase classname="my_projects.ALT_Tag" name="checkAltTags" time="1.268"/>
  <testcase classname="my_projects.ALT_Tag" name="checkAltTags" time="1.202"/>
  <testcase classname="my_projects.ALT_Tag" name="checkAltTags" time="1.282"/>
  <testcase classname="my_projects.ALT_Tag" name="checkAltTags" time="1.726"/>
  <testcase classname="my_projects.ALT_Tag" name="checkAltTags" time="1.351"/>
  <testcase classname="my_projects.ALT_Tag" name="checkAltTags" time="1.331"/>
  <testcase classname="my_projects.ALT_Tag" name="checkAltTags" time="0.933"/>
  <testcase classname="my_projects.ALT_Tag" name="checkAltTags" time="1.15"/>
  <testcase classname="my_projects.ALT_Tag" name="checkAltTags" time="1.225"/>
  <testcase classname="my_projects.ALT_Tag" name="checkAltTags" time="1.193"/>
  <testcase classname="my_projects.ALT_Tag" name="checkAltTags" time="1.218"/>
  <testcase classname="my_projects.ALT_Tag" name="checkAltTags" time="1.801"/>
  <testcase classname="my_projects.ALT_Tag" name="checkAltTags" time="1.147"/>
  <testcase classname="my_projects.ALT_Tag" name="checkAltTags" time="1.294"/>
  <testcase classname="my_projects.ALT_Tag" name="checkAltTags" time="1.493"/>
  <testcase classname="my_projects.ALT_Tag" name="checkAltTags" time="1.072"/>
  <testcase classname="my_projects.ALT_Tag" name="checkAltTags" time="1.907"/>
  <testcase classname="my_projects.ALT_Tag" name="checkAltTags" time="1.262"/>
  <testcase classname="my_projects.ALT_Tag" name="checkAltTags" time="1.41"/>
  <testcase classname="my_projects.ALT_Tag" name="checkAltTags" time="1.189"/>
  <testcase classname="my_projects.ALT_Tag" name="checkAltTags" time="1.257"/>
  <testcase classname="my_projects.ALT_Tag" name="checkAltTags" time="1.135"/>
  <testcase classname="my_projects.ALT_Tag" name="checkAltTags" time="1.24"/>
  <testcase classname="my_projects.ALT_Tag" name="checkAltTags" time="1.649"/>
  <testcase classname="my_projects.ALT_Tag" name="checkAltTags" time="2.188"/>
  <testcase classname="my_projects.ALT_Tag" name="checkAltTags" time="1.436"/>
  <testcase classname="my_projects.ALT_Tag" name="checkAltTags" time="1.381"/>
  <testcase classname="my_projects.ALT_Tag" name="checkAltTags" time="1.747"/>
  <testcase classname="my_projects.ALT_Tag" name="checkAltTags" time="1.395"/>
  <testcase classname="my_projects.ALT_Tag" name="checkAltTags" time="1.77"/>
  <testcase classname="my_projects.ALT_Tag" name="checkAltTags" time="2.306"/>
  <testcase classname="my_projects.ALT_Tag" name="checkAltTags" time="1.507"/>
  <testcase classname="my_projects.ALT_Tag" name="checkAltTags" time="1.906"/>
  <testcase classname="my_projects.ALT_Tag" name="checkAltTags" time="1.703"/>
  <testcase classname="my_projects.ALT_Tag" name="checkAltTags" time="1.413"/>
  <testcase classname="my_projects.ALT_Tag" name="checkAltTags" time="1.41"/>
  <testcase classname="my_projects.ALT_Tag" name="checkAltTags" time="1.762"/>
  <testcase classname="my_projects.ALT_Tag" name="checkAltTags" time="1.771"/>
  <testcase classname="my_projects.ALT_Tag" name="checkAltTags" time="1.992"/>
  <testcase classname="my_projects.ALT_Tag" name="checkAltTags" time="1.277"/>
  <testcase classname="my_projects.ALT_Tag" name="checkAltTags" time="1.324"/>
  <testcase classname="my_projects.ALT_Tag" name="checkAltTags" time="2.419"/>
  <testcase classname="my_projects.ALT_Tag" name="checkAltTags" time="1.808"/>
  <testcase classname="my_projects.ALT_Tag" name="checkAltTags" time="1.389"/>
  <testcase classname="my_projects.ALT_Tag" name="checkAltTags" time="1.959"/>
  <testcase classname="my_projects.ALT_Tag" name="checkAltTags" time="1.626"/>
  <testcase classname="my_projects.ALT_Tag" name="checkAltTags" time="1.474"/>
  <testcase classname="my_projects.ALT_Tag" name="checkAltTags" time="1.818"/>
  <testcase classname="my_projects.ALT_Tag" name="checkAltTags" time="1.39"/>
  <testcase classname="my_projects.ALT_Tag" name="checkAltTags" time="1.199"/>
  <testcase classname="my_projects.ALT_Tag" name="checkAltTags" time="2.82"/>
  <testcase classname="my_projects.ALT_Tag" name="checkAltTags" time="1.847"/>
  <testcase classname="my_projects.ALT_Tag" name="checkAltTags" time="1.86"/>
  <testcase classname="my_projects.ALT_Tag" name="checkAltTags" time="1.242"/>
  <testcase classname="my_projects.ALT_Tag" name="checkAltTags" time="1.723"/>
  <testcase classname="my_projects.ALT_Tag" name="checkAltTags" time="1.238"/>
  <testcase classname="my_projects.ALT_Tag" name="checkAltTags" time="1.426"/>
  <testcase classname="my_projects.ALT_Tag" name="checkAltTags" time="1.228"/>
  <testcase classname="my_projects.ALT_Tag" name="checkAltTags" time="1.139"/>
  <testcase classname="my_projects.ALT_Tag" name="checkAltTags" time="1.762"/>
  <testcase classname="my_projects.ALT_Tag" name="checkAltTags" time="1.647"/>
  <testcase classname="my_projects.ALT_Tag" name="checkAltTags" time="1.307"/>
  <testcase classname="my_projects.ALT_Tag" name="checkAltTags" time="1.504"/>
  <testcase classname="my_projects.ALT_Tag" name="checkAltTags" time="1.515"/>
  <testcase classname="my_projects.ALT_Tag" name="checkAltTags" time="1.757"/>
  <testcase classname="my_projects.ALT_Tag" name="checkAltTags" time="1.296"/>
  <testcase classname="my_projects.ALT_Tag" name="checkAltTags" time="1.258"/>
  <testcase classname="my_projects.ALT_Tag" name="checkAltTags" time="1.048"/>
  <testcase classname="my_projects.ALT_Tag" name="checkAltTags" time="1.125"/>
  <testcase classname="my_projects.ALT_Tag" name="checkAltTags" time="1.218"/>
  <testcase classname="my_projects.ALT_Tag" name="checkAltTags" time="1.418"/>
  <testcase classname="my_projects.ALT_Tag" name="checkAltTags" time="1.525"/>
  <testcase classname="my_projects.ALT_Tag" name="checkAltTags" time="1.985"/>
  <testcase classname="my_projects.ALT_Tag" name="checkAltTags" time="1.57"/>
  <testcase classname="my_projects.ALT_Tag" name="checkAltTags" time="1.619"/>
  <testcase classname="my_projects.ALT_Tag" name="checkAltTags" time="2.314"/>
  <testcase classname="my_projects.ALT_Tag" name="checkAltTags" time="1.434"/>
  <testcase classname="my_projects.ALT_Tag" name="checkAltTags" time="1.625"/>
  <testcase classname="my_projects.ALT_Tag" name="checkAltTags" time="1.293"/>
  <testcase classname="my_projects.ALT_Tag" name="checkAltTags" time="3.309"/>
  <testcase classname="my_projects.ALT_Tag" name="checkAltTags" time="1.795"/>
  <testcase classname="my_projects.ALT_Tag" name="checkAltTags" time="1.408"/>
  <testcase classname="my_projects.ALT_Tag" name="checkAltTags" time="1.76"/>
  <testcase classname="my_projects.ALT_Tag" name="checkAltTags" time="1.456"/>
  <testcase classname="my_projects.ALT_Tag" name="checkAltTags" time="1.127"/>
  <testcase classname="my_projects.ALT_Tag" name="checkAltTags" time="1.215"/>
  <testcase classname="my_projects.ALT_Tag" name="checkAltTags" time="1.4"/>
  <testcase classname="my_projects.ALT_Tag" name="checkAltTags" time="1.541"/>
  <testcase classname="my_projects.ALT_Tag" name="checkAltTags" time="1.495"/>
  <testcase classname="my_projects.ALT_Tag" name="checkAltTags" time="1.591"/>
  <testcase classname="my_projects.ALT_Tag" name="checkAltTags" time="2.571"/>
  <testcase classname="my_projects.ALT_Tag" name="checkAltTags" time="2.662"/>
  <testcase classname="my_projects.ALT_Tag" name="checkAltTags" time="1.706"/>
  <testcase classname="my_projects.ALT_Tag" name="checkAltTags" time="1.253"/>
  <testcase classname="my_projects.ALT_Tag" name="checkAltTags" time="1.85"/>
  <testcase classname="my_projects.ALT_Tag" name="checkAltTags" time="1.749"/>
  <testcase classname="my_projects.ALT_Tag" name="checkAltTags" time="1.85"/>
  <testcase classname="my_projects.ALT_Tag" name="checkAltTags" time="1.05"/>
  <testcase classname="my_projects.ALT_Tag" name="checkAltTags" time="2.243"/>
  <testcase classname="my_projects.ALT_Tag" name="checkAltTags" time="1.535"/>
  <testcase classname="my_projects.ALT_Tag" name="checkAltTags" time="2.248"/>
  <testcase classname="my_projects.ALT_Tag" name="checkAltTags" time="1.253"/>
  <testcase classname="my_projects.ALT_Tag" name="checkAltTags" time="1.681"/>
  <testcase classname="my_projects.ALT_Tag" name="checkAltTags" time="1.772"/>
  <testcase classname="my_projects.ALT_Tag" name="checkAltTags" time="1.955"/>
  <testcase classname="my_projects.ALT_Tag" name="checkAltTags" time="1.258"/>
  <testcase classname="my_projects.ALT_Tag" name="checkAltTags" time="1.312"/>
  <testcase classname="my_projects.ALT_Tag" name="checkAltTags" time="1.409"/>
  <testcase classname="my_projects.ALT_Tag" name="checkAltTags" time="1.851"/>
  <testcase classname="my_projects.ALT_Tag" name="checkAltTags" time="1.263"/>
  <testcase classname="my_projects.ALT_Tag" name="checkAltTags" time="1.461"/>
  <testcase classname="my_projects.ALT_Tag" name="checkAltTags" time="5.101"/>
  <testcase classname="my_projects.ALT_Tag" name="checkAltTags" time="1.507"/>
  <testcase classname="my_projects.ALT_Tag" name="checkAltTags" time="1.362"/>
  <testcase classname="my_projects.ALT_Tag" name="checkAltTags" time="1.893"/>
  <testcase classname="my_projects.ALT_Tag" name="checkAltTags" time="1.697"/>
  <testcase classname="my_projects.ALT_Tag" name="checkAltTags" time="2.296"/>
  <testcase classname="my_projects.ALT_Tag" name="checkAltTags" time="2.804"/>
  <testcase classname="my_projects.ALT_Tag" name="checkAltTags" time="1.834"/>
  <testcase classname="my_projects.ALT_Tag" name="checkAltTags" time="1.39"/>
  <testcase classname="my_projects.ALT_Tag" name="checkAltTags" time="1.857"/>
  <testcase classname="my_projects.ALT_Tag" name="checkAltTags" time="1.831"/>
  <testcase classname="my_projects.ALT_Tag" name="checkAltTags" time="1.186"/>
  <testcase classname="my_projects.ALT_Tag" name="checkAltTags" time="1.296"/>
  <testcase classname="my_projects.ALT_Tag" name="checkAltTags" time="2.933"/>
  <testcase classname="my_projects.ALT_Tag" name="checkAltTags" time="2.498"/>
  <testcase classname="my_projects.ALT_Tag" name="checkAltTags" time="1.988"/>
  <testcase classname="my_projects.ALT_Tag" name="checkAltTags" time="2.149"/>
  <testcase classname="my_projects.ALT_Tag" name="checkAltTags" time="2.836"/>
  <testcase classname="my_projects.ALT_Tag" name="checkAltTags" time="1.739"/>
  <testcase classname="my_projects.ALT_Tag" name="checkAltTags" time="0.856"/>
  <testcase classname="my_projects.ALT_Tag" name="checkAltTags" time="1.362"/>
  <testcase classname="my_projects.ALT_Tag" name="checkAltTags" time="2.033"/>
  <testcase classname="my_projects.ALT_Tag" name="checkAltTags" time="2.057"/>
  <testcase classname="my_projects.ALT_Tag" name="checkAltTags" time="1.644"/>
  <testcase classname="my_projects.ALT_Tag" name="checkAltTags" time="1.787"/>
  <testcase classname="my_projects.ALT_Tag" name="checkAltTags" time="2.324"/>
  <testcase classname="my_projects.ALT_Tag" name="checkAltTags" time="2.201"/>
  <testcase classname="my_projects.ALT_Tag" name="checkAltTags" time="2.751"/>
  <testcase classname="my_projects.ALT_Tag" name="checkAltTags" time="2.227"/>
  <testcase classname="my_projects.ALT_Tag" name="checkAltTags" time="2.005"/>
  <testcase classname="my_projects.ALT_Tag" name="checkAltTags" time="2.236"/>
  <testcase classname="my_projects.ALT_Tag" name="checkAltTags" time="1.738"/>
  <testcase classname="my_projects.ALT_Tag" name="checkAltTags" time="1.99"/>
  <testcase classname="my_projects.ALT_Tag" name="checkAltTags" time="2.125"/>
  <testcase classname="my_projects.ALT_Tag" name="checkAltTags" time="2.908"/>
  <testcase classname="my_projects.ALT_Tag" name="checkAltTags" time="1.707"/>
  <testcase classname="my_projects.ALT_Tag" name="checkAltTags" time="2.473"/>
  <testcase classname="my_projects.ALT_Tag" name="checkAltTags" time="2.111"/>
  <testcase classname="my_projects.ALT_Tag" name="checkAltTags" time="2.681"/>
  <testcase classname="my_projects.ALT_Tag" name="checkAltTags" time="2.012"/>
  <testcase classname="my_projects.ALT_Tag" name="checkAltTags" time="1.832"/>
  <testcase classname="my_projects.ALT_Tag" name="checkAltTags" time="1.822"/>
  <testcase classname="my_projects.ALT_Tag" name="checkAltTags" time="1.775"/>
  <testcase classname="my_projects.ALT_Tag" name="checkAltTags" time="2.533"/>
  <testcase classname="my_projects.ALT_Tag" name="checkAltTags" time="2.135"/>
  <testcase classname="my_projects.ALT_Tag" name="checkAltTags" time="2.11"/>
  <testcase classname="my_projects.ALT_Tag" name="checkAltTags" time="2.544"/>
  <testcase classname="my_projects.ALT_Tag" name="checkAltTags" time="2.267"/>
  <testcase classname="my_projects.ALT_Tag" name="checkAltTags" time="2.045"/>
  <testcase classname="my_projects.ALT_Tag" name="checkAltTags" time="1.934"/>
  <testcase classname="my_projects.ALT_Tag" name="checkAltTags" time="1.785"/>
  <testcase classname="my_projects.ALT_Tag" name="checkAltTags" time="2.002"/>
  <testcase classname="my_projects.ALT_Tag" name="checkAltTags" time="2.207"/>
  <testcase classname="my_projects.ALT_Tag" name="checkAltTags" time="0.798"/>
  <testcase classname="my_projects.ALT_Tag" name="checkAltTags" time="2.139"/>
  <testcase classname="my_projects.ALT_Tag" name="checkAltTags" time="2.22"/>
  <testcase classname="my_projects.ALT_Tag" name="checkAltTags" time="1.643"/>
  <testcase classname="my_projects.ALT_Tag" name="checkAltTags" time="1.226"/>
  <testcase classname="my_projects.ALT_Tag" name="checkAltTags" time="1.381"/>
  <testcase classname="my_projects.ALT_Tag" name="checkAltTags" time="1.264"/>
  <testcase classname="my_projects.ALT_Tag" name="checkAltTags" time="1.418"/>
  <testcase classname="my_projects.ALT_Tag" name="checkAltTags" time="1.259"/>
  <testcase classname="my_projects.ALT_Tag" name="checkAltTags" time="1.682"/>
  <testcase classname="my_projects.ALT_Tag" name="checkAltTags" time="2.067"/>
  <testcase classname="my_projects.ALT_Tag" name="checkAltTags" time="2.484"/>
  <testcase classname="my_projects.ALT_Tag" name="checkAltTags" time="2.59"/>
  <testcase classname="my_projects.ALT_Tag" name="checkAltTags" time="2.514"/>
  <testcase classname="my_projects.ALT_Tag" name="checkAltTags" time="2.369"/>
  <testcase classname="my_projects.ALT_Tag" name="checkAltTags" time="3.148"/>
  <testcase classname="my_projects.ALT_Tag" name="checkAltTags" time="2.431"/>
  <testcase classname="my_projects.ALT_Tag" name="checkAltTags" time="2.42"/>
  <testcase classname="my_projects.ALT_Tag" name="checkAltTags" time="2.053"/>
  <testcase classname="my_projects.ALT_Tag" name="checkAltTags" time="2.478"/>
  <testcase classname="my_projects.ALT_Tag" name="checkAltTags" time="2.677"/>
  <testcase classname="my_projects.ALT_Tag" name="checkAltTags" time="2.752"/>
  <testcase classname="my_projects.ALT_Tag" name="checkAltTags" time="1.617"/>
  <testcase classname="my_projects.ALT_Tag" name="checkAltTags" time="1.752"/>
  <testcase classname="my_projects.ALT_Tag" name="checkAltTags" time="1.95"/>
  <testcase classname="my_projects.ALT_Tag" name="checkAltTags" time="1.756"/>
  <testcase classname="my_projects.ALT_Tag" name="checkAltTags" time="1.432"/>
  <testcase classname="my_projects.ALT_Tag" name="checkAltTags" time="1.439"/>
  <testcase classname="my_projects.ALT_Tag" name="checkAltTags" time="2.166"/>
  <testcase classname="my_projects.ALT_Tag" name="checkAltTags" time="1.489"/>
  <testcase classname="my_projects.ALT_Tag" name="checkAltTags" time="2.142"/>
  <testcase classname="my_projects.ALT_Tag" name="checkAltTags" time="1.032"/>
  <testcase classname="my_projects.ALT_Tag" name="checkAltTags" time="1.177"/>
  <testcase classname="my_projects.ALT_Tag" name="checkAltTags" time="2.099"/>
  <testcase classname="my_projects.ALT_Tag" name="checkAltTags" time="2.586"/>
  <testcase classname="my_projects.ALT_Tag" name="checkAltTags" time="1.907"/>
  <testcase classname="my_projects.ALT_Tag" name="checkAltTags" time="1.101"/>
  <testcase classname="my_projects.ALT_Tag" name="checkAltTags" time="1.836"/>
  <testcase classname="my_projects.ALT_Tag" name="checkAltTags" time="0.995"/>
  <testcase classname="my_projects.ALT_Tag" name="checkAltTags" time="3.119"/>
  <testcase classname="my_projects.ALT_Tag" name="checkAltTags" time="2.198"/>
  <testcase classname="my_projects.ALT_Tag" name="checkAltTags" time="2.266"/>
  <testcase classname="my_projects.ALT_Tag" name="checkAltTags" time="1.568"/>
  <testcase classname="my_projects.ALT_Tag" name="checkAltTags" time="2.824"/>
  <testcase classname="my_projects.ALT_Tag" name="checkAltTags" time="1.958"/>
  <testcase classname="my_projects.ALT_Tag" name="checkAltTags" time="2.588"/>
  <testcase classname="my_projects.ALT_Tag" name="checkAltTags" time="1.977"/>
  <testcase classname="my_projects.ALT_Tag" name="checkAltTags" time="2.91"/>
  <testcase classname="my_projects.ALT_Tag" name="checkAltTags" time="2.086"/>
  <testcase classname="my_projects.ALT_Tag" name="checkAltTags" time="1.085"/>
  <testcase classname="my_projects.ALT_Tag" name="checkAltTags" time="1.922"/>
  <testcase classname="my_projects.ALT_Tag" name="checkAltTags" time="1.782"/>
  <testcase classname="my_projects.ALT_Tag" name="checkAltTags" time="1.257"/>
  <testcase classname="my_projects.ALT_Tag" name="checkAltTags" time="2.879"/>
  <testcase classname="my_projects.ALT_Tag" name="checkAltTags" time="2.592"/>
  <testcase classname="my_projects.ALT_Tag" name="checkAltTags" time="1.583"/>
  <testcase classname="my_projects.ALT_Tag" name="checkAltTags" time="1.205"/>
  <testcase classname="my_projects.ALT_Tag" name="checkAltTags" time="1.679"/>
  <testcase classname="my_projects.ALT_Tag" name="checkAltTags" time="1.244"/>
  <testcase classname="my_projects.ALT_Tag" name="checkAltTags" time="1.223"/>
  <testcase classname="my_projects.ALT_Tag" name="checkAltTags" time="13.109"/>
  <testcase classname="my_projects.ALT_Tag" name="checkAltTags" time="1.721"/>
  <testcase classname="my_projects.ALT_Tag" name="checkAltTags" time="3.466"/>
  <testcase classname="my_projects.ALT_Tag" name="checkAltTags" time="1.46"/>
  <testcase classname="my_projects.ALT_Tag" name="checkAltTags" time="1.931"/>
  <testcase classname="my_projects.ALT_Tag" name="checkAltTags" time="1.555"/>
  <testcase classname="my_projects.ALT_Tag" name="checkAltTags" time="2.121"/>
  <testcase classname="my_projects.ALT_Tag" name="checkAltTags" time="0.895"/>
  <testcase classname="my_projects.ALT_Tag" name="checkAltTags" time="2.234"/>
  <testcase classname="my_projects.ALT_Tag" name="checkAltTags" time="1.816"/>
  <testcase classname="my_projects.ALT_Tag" name="checkAltTags" time="2.111"/>
  <testcase classname="my_projects.ALT_Tag" name="checkAltTags" time="0.957"/>
  <testcase classname="my_projects.ALT_Tag" name="checkAltTags" time="2.445"/>
  <testcase classname="my_projects.ALT_Tag" name="checkAltTags" time="1.916"/>
  <testcase classname="my_projects.ALT_Tag" name="checkAltTags" time="1.487"/>
  <testcase classname="my_projects.ALT_Tag" name="checkAltTags" time="1.792"/>
  <testcase classname="my_projects.ALT_Tag" name="checkAltTags" time="1.987"/>
  <testcase classname="my_projects.ALT_Tag" name="checkAltTags" time="2.036"/>
  <testcase classname="my_projects.ALT_Tag" name="checkAltTags" time="1.983"/>
  <testcase classname="my_projects.ALT_Tag" name="checkAltTags" time="1.778"/>
  <testcase classname="my_projects.ALT_Tag" name="checkAltTags" time="2.059"/>
  <testcase classname="my_projects.ALT_Tag" name="checkAltTags" time="2.053"/>
  <testcase classname="my_projects.ALT_Tag" name="checkAltTags" time="1.68"/>
  <testcase classname="my_projects.ALT_Tag" name="checkAltTags" time="2.048"/>
  <testcase classname="my_projects.ALT_Tag" name="checkAltTags" time="1.994"/>
  <testcase classname="my_projects.ALT_Tag" name="checkAltTags" time="1.957"/>
  <testcase classname="my_projects.ALT_Tag" name="checkAltTags" time="1.963"/>
  <testcase classname="my_projects.ALT_Tag" name="checkAltTags" time="2.176"/>
  <testcase classname="my_projects.ALT_Tag" name="checkAltTags" time="1.861"/>
  <testcase classname="my_projects.ALT_Tag" name="checkAltTags" time="0.977"/>
  <testcase classname="my_projects.ALT_Tag" name="checkAltTags" time="1.031"/>
  <testcase classname="my_projects.ALT_Tag" name="checkAltTags" time="2.234"/>
  <testcase classname="my_projects.ALT_Tag" name="checkAltTags" time="2.068"/>
  <testcase classname="my_projects.ALT_Tag" name="checkAltTags" time="2.302"/>
  <testcase classname="my_projects.ALT_Tag" name="checkAltTags" time="1.953"/>
  <testcase classname="my_projects.ALT_Tag" name="checkAltTags" time="2.352"/>
  <testcase classname="my_projects.ALT_Tag" name="checkAltTags" time="2.205"/>
  <testcase classname="my_projects.ALT_Tag" name="checkAltTags" time="2.096"/>
  <testcase classname="my_projects.ALT_Tag" name="checkAltTags" time="1.962"/>
  <testcase classname="my_projects.ALT_Tag" name="checkAltTags" time="1.622"/>
  <testcase classname="my_projects.ALT_Tag" name="checkAltTags" time="2.07"/>
  <testcase classname="my_projects.ALT_Tag" name="checkAltTags" time="2.21"/>
  <testcase classname="my_projects.ALT_Tag" name="checkAltTags" time="1.744"/>
  <testcase classname="my_projects.ALT_Tag" name="checkAltTags" time="1.203"/>
  <testcase classname="my_projects.ALT_Tag" name="checkAltTags" time="1.849"/>
  <testcase classname="my_projects.ALT_Tag" name="checkAltTags" time="1.254"/>
  <testcase classname="my_projects.ALT_Tag" name="checkAltTags" time="1.147"/>
  <testcase classname="my_projects.ALT_Tag" name="checkAltTags" time="1.894"/>
  <testcase classname="my_projects.ALT_Tag" name="checkAltTags" time="2.375"/>
  <testcase classname="my_projects.ALT_Tag" name="checkAltTags" time="2.216"/>
  <testcase classname="my_projects.ALT_Tag" name="checkAltTags" time="2.052"/>
  <testcase classname="my_projects.ALT_Tag" name="checkAltTags" time="2.901"/>
  <testcase classname="my_projects.ALT_Tag" name="checkAltTags" time="2.096"/>
  <testcase classname="my_projects.ALT_Tag" name="checkAltTags" time="3.562"/>
  <testcase classname="my_projects.ALT_Tag" name="checkAltTags" time="3.497"/>
  <testcase classname="my_projects.ALT_Tag" name="checkAltTags" time="2.064"/>
  <testcase classname="my_projects.ALT_Tag" name="checkAltTags" time="2.764"/>
  <testcase classname="my_projects.ALT_Tag" name="checkAltTags" time="1.874"/>
  <testcase classname="my_projects.ALT_Tag" name="checkAltTags" time="2.004"/>
  <testcase classname="my_projects.ALT_Tag" name="checkAltTags" time="1.848"/>
  <testcase classname="my_projects.ALT_Tag" name="checkAltTags" time="1.788"/>
  <testcase classname="my_projects.ALT_Tag" name="checkAltTags" time="1.736"/>
  <testcase classname="my_projects.ALT_Tag" name="checkAltTags" time="3.155"/>
  <testcase classname="my_projects.ALT_Tag" name="checkAltTags" time="3.811"/>
  <testcase classname="my_projects.ALT_Tag" name="checkAltTags" time="9.412"/>
  <testcase classname="my_projects.ALT_Tag" name="checkAltTags" time="1.902"/>
  <testcase classname="my_projects.ALT_Tag" name="checkAltTags" time="1.966"/>
  <testcase classname="my_projects.ALT_Tag" name="checkAltTags" time="1.834"/>
  <testcase classname="my_projects.ALT_Tag" name="checkAltTags" time="1.874"/>
  <testcase classname="my_projects.ALT_Tag" name="checkAltTags" time="4.459"/>
  <testcase classname="my_projects.ALT_Tag" name="checkAltTags" time="1.853"/>
  <testcase classname="my_projects.ALT_Tag" name="checkAltTags" time="2.613"/>
  <testcase classname="my_projects.ALT_Tag" name="checkAltTags" time="2.082"/>
  <testcase classname="my_projects.ALT_Tag" name="checkAltTags" time="2.226"/>
  <testcase classname="my_projects.ALT_Tag" name="checkAltTags" time="1.817"/>
  <testcase classname="my_projects.ALT_Tag" name="checkAltTags" time="1.957"/>
  <testcase classname="my_projects.ALT_Tag" name="checkAltTags" time="1.718"/>
  <testcase classname="my_projects.ALT_Tag" name="checkAltTags" time="2.118"/>
  <testcase classname="my_projects.ALT_Tag" name="checkAltTags" time="3.453"/>
  <testcase classname="my_projects.ALT_Tag" name="checkAltTags" time="1.69"/>
  <testcase classname="my_projects.ALT_Tag" name="checkAltTags" time="2.264"/>
  <testcase classname="my_projects.ALT_Tag" name="checkAltTags" time="2.133"/>
  <testcase classname="my_projects.ALT_Tag" name="checkAltTags" time="1.97"/>
  <testcase classname="my_projects.ALT_Tag" name="checkAltTags" time="1.979"/>
  <testcase classname="my_projects.ALT_Tag" name="checkAltTags" time="1.977"/>
  <testcase classname="my_projects.ALT_Tag" name="checkAltTags" time="1.833"/>
  <testcase classname="my_projects.ALT_Tag" name="checkAltTags" time="1.934"/>
  <testcase classname="my_projects.ALT_Tag" name="checkAltTags" time="2.023"/>
  <testcase classname="my_projects.ALT_Tag" name="checkAltTags" time="1.94"/>
  <testcase classname="my_projects.ALT_Tag" name="checkAltTags" time="1.677"/>
  <testcase classname="my_projects.ALT_Tag" name="checkAltTags" time="1.403"/>
  <testcase classname="my_projects.ALT_Tag" name="checkAltTags" time="1.65"/>
  <testcase classname="my_projects.ALT_Tag" name="checkAltTags" time="0.985"/>
  <testcase classname="my_projects.ALT_Tag" name="checkAltTags" time="1.6"/>
  <testcase classname="my_projects.ALT_Tag" name="checkAltTags" time="1.879"/>
  <testcase classname="my_projects.ALT_Tag" name="checkAltTags" time="1.314"/>
  <testcase classname="my_projects.ALT_Tag" name="checkAltTags" time="1.755"/>
  <testcase classname="my_projects.ALT_Tag" name="checkAltTags" time="3.802"/>
  <testcase classname="my_projects.ALT_Tag" name="checkAltTags" time="2.25"/>
  <testcase classname="my_projects.ALT_Tag" name="checkAltTags" time="4.227"/>
  <testcase classname="my_projects.ALT_Tag" name="checkAltTags" time="2.689"/>
  <testcase classname="my_projects.ALT_Tag" name="checkAltTags" time="1.687"/>
  <testcase classname="my_projects.ALT_Tag" name="checkAltTags" time="2.831"/>
  <testcase classname="my_projects.ALT_Tag" name="checkAltTags" time="2.404"/>
  <testcase classname="my_projects.ALT_Tag" name="checkAltTags" time="2.258"/>
  <testcase classname="my_projects.ALT_Tag" name="checkAltTags" time="1.936"/>
  <testcase classname="my_projects.ALT_Tag" name="checkAltTags" time="3.333"/>
  <testcase classname="my_projects.ALT_Tag" name="checkAltTags" time="1.974"/>
  <testcase classname="my_projects.ALT_Tag" name="checkAltTags" time="1.865"/>
  <testcase classname="my_projects.ALT_Tag" name="checkAltTags" time="1.886"/>
  <testcase classname="my_projects.ALT_Tag" name="checkAltTags" time="1.951"/>
  <testcase classname="my_projects.ALT_Tag" name="checkAltTags" time="2.168"/>
  <testcase classname="my_projects.ALT_Tag" name="checkAltTags" time="2.154"/>
  <testcase classname="my_projects.ALT_Tag" name="checkAltTags" time="1.869"/>
  <testcase classname="my_projects.ALT_Tag" name="checkAltTags" time="2.125"/>
  <testcase classname="my_projects.ALT_Tag" name="checkAltTags" time="1.851"/>
  <testcase classname="my_projects.ALT_Tag" name="checkAltTags" time="2.68"/>
  <testcase classname="my_projects.ALT_Tag" name="checkAltTags" time="1.923"/>
  <testcase classname="my_projects.ALT_Tag" name="checkAltTags" time="1.939"/>
  <testcase classname="my_projects.ALT_Tag" name="checkAltTags" time="2.271"/>
  <testcase classname="my_projects.ALT_Tag" name="checkAltTags" time="1.308"/>
  <testcase classname="my_projects.ALT_Tag" name="checkAltTags" time="2.008"/>
  <testcase classname="my_projects.ALT_Tag" name="checkAltTags" time="2.303"/>
  <testcase classname="my_projects.ALT_Tag" name="checkAltTags" time="2.137"/>
  <testcase classname="my_projects.ALT_Tag" name="checkAltTags" time="1.845"/>
  <testcase classname="my_projects.ALT_Tag" name="checkAltTags" time="2.394"/>
  <testcase classname="my_projects.ALT_Tag" name="checkAltTags" time="4.883"/>
  <testcase classname="my_projects.ALT_Tag" name="checkAltTags" time="2.987"/>
  <testcase classname="my_projects.ALT_Tag" name="checkAltTags" time="2.452"/>
  <testcase classname="my_projects.ALT_Tag" name="checkAltTags" time="2.736"/>
  <testcase classname="my_projects.ALT_Tag" name="checkAltTags" time="2.774"/>
  <testcase classname="my_projects.ALT_Tag" name="checkAltTags" time="1.939"/>
  <testcase classname="my_projects.ALT_Tag" name="checkAltTags" time="2.317"/>
  <testcase classname="my_projects.ALT_Tag" name="checkAltTags" time="1.948"/>
  <testcase classname="my_projects.ALT_Tag" name="checkAltTags" time="1.661"/>
  <testcase classname="my_projects.ALT_Tag" name="checkAltTags" time="2.052"/>
  <testcase classname="my_projects.ALT_Tag" name="checkAltTags" time="2.12"/>
  <testcase classname="my_projects.ALT_Tag" name="checkAltTags" time="2.197"/>
  <testcase classname="my_projects.ALT_Tag" name="checkAltTags" time="2.12"/>
  <testcase classname="my_projects.ALT_Tag" name="checkAltTags" time="2.276"/>
  <testcase classname="my_projects.ALT_Tag" name="checkAltTags" time="2.316"/>
  <testcase classname="my_projects.ALT_Tag" name="checkAltTags" time="2.864"/>
  <testcase classname="my_projects.ALT_Tag" name="checkAltTags" time="2.283"/>
  <testcase classname="my_projects.ALT_Tag" name="checkAltTags" time="2.043"/>
  <testcase classname="my_projects.ALT_Tag" name="checkAltTags" time="1.804"/>
  <testcase classname="my_projects.ALT_Tag" name="checkAltTags" time="2.288"/>
  <testcase classname="my_projects.ALT_Tag" name="checkAltTags" time="1.864"/>
  <testcase classname="my_projects.ALT_Tag" name="checkAltTags" time="3.907"/>
  <testcase classname="my_projects.ALT_Tag" name="checkAltTags" time="2.256"/>
  <testcase classname="my_projects.ALT_Tag" name="checkAltTags" time="1.91"/>
  <testcase classname="my_projects.ALT_Tag" name="checkAltTags" time="2.086"/>
  <testcase classname="my_projects.ALT_Tag" name="checkAltTags" time="1.949"/>
  <testcase classname="my_projects.ALT_Tag" name="checkAltTags" time="2.096"/>
  <testcase classname="my_projects.ALT_Tag" name="checkAltTags" time="0.975"/>
  <testcase classname="my_projects.ALT_Tag" name="checkAltTags" time="1.373"/>
  <testcase classname="my_projects.ALT_Tag" name="checkAltTags" time="1.743"/>
  <testcase classname="my_projects.ALT_Tag" name="checkAltTags" time="1.586"/>
  <testcase classname="my_projects.ALT_Tag" name="checkAltTags" time="1.919"/>
  <testcase classname="my_projects.ALT_Tag" name="checkAltTags" time="2.883"/>
  <testcase classname="my_projects.ALT_Tag" name="checkAltTags" time="2.106"/>
  <testcase classname="my_projects.ALT_Tag" name="checkAltTags" time="2.167"/>
  <testcase classname="my_projects.ALT_Tag" name="checkAltTags" time="1.968"/>
  <testcase classname="my_projects.ALT_Tag" name="checkAltTags" time="1.957"/>
  <testcase classname="my_projects.ALT_Tag" name="checkAltTags" time="2.012"/>
  <testcase classname="my_projects.ALT_Tag" name="checkAltTags" time="1.881"/>
  <testcase classname="my_projects.ALT_Tag" name="checkAltTags" time="1.974"/>
  <testcase classname="my_projects.ALT_Tag" name="checkAltTags" time="2.033"/>
  <testcase classname="my_projects.ALT_Tag" name="checkAltTags" time="2.178"/>
  <testcase classname="my_projects.ALT_Tag" name="checkAltTags" time="2.085"/>
  <testcase classname="my_projects.ALT_Tag" name="checkAltTags" time="8.027"/>
  <testcase classname="my_projects.ALT_Tag" name="checkAltTags" time="1.836"/>
  <testcase classname="my_projects.ALT_Tag" name="checkAltTags" time="1.955"/>
  <testcase classname="my_projects.ALT_Tag" name="checkAltTags" time="1.332"/>
  <testcase classname="my_projects.ALT_Tag" name="checkAltTags" time="1.875"/>
  <testcase classname="my_projects.ALT_Tag" name="checkAltTags" time="2.182"/>
  <testcase classname="my_projects.ALT_Tag" name="checkAltTags" time="2.326"/>
  <testcase classname="my_projects.ALT_Tag" name="checkAltTags" time="2.327"/>
  <testcase classname="my_projects.ALT_Tag" name="checkAltTags" time="1.992"/>
  <testcase classname="my_projects.ALT_Tag" name="checkAltTags" time="1.972"/>
  <testcase classname="my_projects.ALT_Tag" name="checkAltTags" time="1.848"/>
  <testcase classname="my_projects.ALT_Tag" name="checkAltTags" time="2.352"/>
  <testcase classname="my_projects.ALT_Tag" name="checkAltTags" time="2.192"/>
  <testcase classname="my_projects.ALT_Tag" name="checkAltTags" time="1.718"/>
  <testcase classname="my_projects.ALT_Tag" name="checkAltTags" time="1.685"/>
  <testcase classname="my_projects.ALT_Tag" name="checkAltTags" time="1.398"/>
  <testcase classname="my_projects.ALT_Tag" name="checkAltTags" time="1.952"/>
  <testcase classname="my_projects.ALT_Tag" name="checkAltTags" time="2.548"/>
  <testcase classname="my_projects.ALT_Tag" name="checkAltTags" time="1.686"/>
  <testcase classname="my_projects.ALT_Tag" name="checkAltTags" time="2.289"/>
  <testcase classname="my_projects.ALT_Tag" name="checkAltTags" time="1.832"/>
  <testcase classname="my_projects.ALT_Tag" name="checkAltTags" time="1.883"/>
  <testcase classname="my_projects.ALT_Tag" name="checkAltTags" time="2.54"/>
  <testcase classname="my_projects.ALT_Tag" name="checkAltTags" time="2.168"/>
  <testcase classname="my_projects.ALT_Tag" name="checkAltTags" time="2.312"/>
  <testcase classname="my_projects.ALT_Tag" name="checkAltTags" time="2.699"/>
  <testcase classname="my_projects.ALT_Tag" name="checkAltTags" time="1.871"/>
  <testcase classname="my_projects.ALT_Tag" name="checkAltTags" time="1.902"/>
  <testcase classname="my_projects.ALT_Tag" name="checkAltTags" time="2.011"/>
  <testcase classname="my_projects.ALT_Tag" name="checkAltTags" time="1.981"/>
  <testcase classname="my_projects.ALT_Tag" name="checkAltTags" time="2.021"/>
  <testcase classname="my_projects.ALT_Tag" name="checkAltTags" time="1.65"/>
  <testcase classname="my_projects.ALT_Tag" name="checkAltTags" time="1.948"/>
  <testcase classname="my_projects.ALT_Tag" name="checkAltTags" time="1.89"/>
  <testcase classname="my_projects.ALT_Tag" name="checkAltTags" time="2.411"/>
  <testcase classname="my_projects.ALT_Tag" name="checkAltTags" time="1.835"/>
  <testcase classname="my_projects.ALT_Tag" name="checkAltTags" time="1.844"/>
  <testcase classname="my_projects.ALT_Tag" name="checkAltTags" time="2.082"/>
  <testcase classname="my_projects.ALT_Tag" name="checkAltTags" time="1.868"/>
  <testcase classname="my_projects.ALT_Tag" name="checkAltTags" time="2.341"/>
  <testcase classname="my_projects.ALT_Tag" name="checkAltTags" time="1.804"/>
  <testcase classname="my_projects.ALT_Tag" name="checkAltTags" time="2.213"/>
  <testcase classname="my_projects.ALT_Tag" name="checkAltTags" time="2.11"/>
  <testcase classname="my_projects.ALT_Tag" name="checkAltTags" time="2.794"/>
  <testcase classname="my_projects.ALT_Tag" name="checkAltTags" time="2.666"/>
  <testcase classname="my_projects.ALT_Tag" name="checkAltTags" time="1.961"/>
  <testcase classname="my_projects.ALT_Tag" name="checkAltTags" time="1.027"/>
  <testcase classname="my_projects.ALT_Tag" name="checkAltTags" time="1.567"/>
  <testcase classname="my_projects.ALT_Tag" name="checkAltTags" time="1.32"/>
  <testcase classname="my_projects.ALT_Tag" name="checkAltTags" time="1.506"/>
  <testcase classname="my_projects.ALT_Tag" name="checkAltTags" time="1.3"/>
  <testcase classname="my_projects.ALT_Tag" name="checkAltTags" time="1.405"/>
  <testcase classname="my_projects.ALT_Tag" name="checkAltTags" time="2.097"/>
  <testcase classname="my_projects.ALT_Tag" name="checkAltTags" time="1.037"/>
  <testcase classname="my_projects.ALT_Tag" name="checkAltTags" time="1.615"/>
  <testcase classname="my_projects.ALT_Tag" name="checkAltTags" time="1.015"/>
  <testcase classname="my_projects.ALT_Tag" name="checkAltTags" time="1.517"/>
  <testcase classname="my_projects.ALT_Tag" name="checkAltTags" time="1.636"/>
  <testcase classname="my_projects.ALT_Tag" name="checkAltTags" time="0.961"/>
  <testcase classname="my_projects.ALT_Tag" name="checkAltTags" time="1.486"/>
  <testcase classname="my_projects.ALT_Tag" name="checkAltTags" time="1.524"/>
  <testcase classname="my_projects.ALT_Tag" name="checkAltTags" time="2.539"/>
  <testcase classname="my_projects.ALT_Tag" name="checkAltTags" time="1.38"/>
  <testcase classname="my_projects.ALT_Tag" name="checkAltTags" time="1.362"/>
  <testcase classname="my_projects.ALT_Tag" name="checkAltTags" time="1.591"/>
  <testcase classname="my_projects.ALT_Tag" name="checkAltTags" time="0.964"/>
  <testcase classname="my_projects.ALT_Tag" name="checkAltTags" time="0.906"/>
  <testcase classname="my_projects.ALT_Tag" name="checkAltTags" time="1.52"/>
  <testcase classname="my_projects.ALT_Tag" name="checkAltTags" time="1.982"/>
  <testcase classname="my_projects.ALT_Tag" name="checkAltTags" time="1.543"/>
  <testcase classname="my_projects.ALT_Tag" name="checkAltTags" time="1.566"/>
  <testcase classname="my_projects.ALT_Tag" name="checkAltTags" time="1.065"/>
  <testcase classname="my_projects.ALT_Tag" name="checkAltTags" time="1.476"/>
  <testcase classname="my_projects.ALT_Tag" name="checkAltTags" time="2.082"/>
  <testcase classname="my_projects.ALT_Tag" name="checkAltTags" time="1.746"/>
  <testcase classname="my_projects.ALT_Tag" name="checkAltTags" time="2.129"/>
  <testcase classname="my_projects.ALT_Tag" name="checkAltTags" time="1.501"/>
  <testcase classname="my_projects.ALT_Tag" name="checkAltTags" time="1.445"/>
  <testcase classname="my_projects.ALT_Tag" name="checkAltTags" time="2.001"/>
  <testcase classname="my_projects.ALT_Tag" name="checkAltTags" time="1.402"/>
  <testcase classname="my_projects.ALT_Tag" name="checkAltTags" time="1.677"/>
  <testcase classname="my_projects.ALT_Tag" name="checkAltTags" time="1.599"/>
  <testcase classname="my_projects.ALT_Tag" name="checkAltTags" time="1.663"/>
  <testcase classname="my_projects.ALT_Tag" name="checkAltTags" time="1.636"/>
  <testcase classname="my_projects.ALT_Tag" name="checkAltTags" time="1.571"/>
  <testcase classname="my_projects.ALT_Tag" name="checkAltTags" time="2.27"/>
  <testcase classname="my_projects.ALT_Tag" name="checkAltTags" time="1.596"/>
  <testcase classname="my_projects.ALT_Tag" name="checkAltTags" time="1.515"/>
  <testcase classname="my_projects.ALT_Tag" name="checkAltTags" time="1.805"/>
  <testcase classname="my_projects.ALT_Tag" name="checkAltTags" time="2.178"/>
  <testcase classname="my_projects.ALT_Tag" name="checkAltTags" time="1.748"/>
  <testcase classname="my_projects.ALT_Tag" name="checkAltTags" time="1.809"/>
  <testcase classname="my_projects.ALT_Tag" name="checkAltTags" time="1.284"/>
  <testcase classname="my_projects.ALT_Tag" name="checkAltTags" time="1.352"/>
  <testcase classname="my_projects.ALT_Tag" name="checkAltTags" time="1.062"/>
  <testcase classname="my_projects.ALT_Tag" name="checkAltTags" time="1.689"/>
  <testcase classname="my_projects.ALT_Tag" name="checkAltTags" time="1.212"/>
  <testcase classname="my_projects.ALT_Tag" name="checkAltTags" time="1.717"/>
  <testcase classname="my_projects.ALT_Tag" name="checkAltTags" time="1.918"/>
  <testcase classname="my_projects.ALT_Tag" name="checkAltTags" time="1.04"/>
  <testcase classname="my_projects.ALT_Tag" name="checkAltTags" time="1.242"/>
  <testcase classname="my_projects.ALT_Tag" name="checkAltTags" time="1.757"/>
  <testcase classname="my_projects.ALT_Tag" name="checkAltTags" time="1.957"/>
  <testcase classname="my_projects.ALT_Tag" name="checkAltTags" time="2.921"/>
  <testcase classname="my_projects.ALT_Tag" name="checkAltTags" time="1.176"/>
  <testcase classname="my_projects.ALT_Tag" name="checkAltTags" time="1.342"/>
  <testcase classname="my_projects.ALT_Tag" name="checkAltTags" time="0.998"/>
  <testcase classname="my_projects.ALT_Tag" name="checkAltTags" time="1.049"/>
  <testcase classname="my_projects.ALT_Tag" name="checkAltTags" time="1.053"/>
  <testcase classname="my_projects.ALT_Tag" name="checkAltTags" time="1.252"/>
  <testcase classname="my_projects.ALT_Tag" name="checkAltTags" time="1.2"/>
  <testcase classname="my_projects.ALT_Tag" name="checkAltTags" time="1.647"/>
  <testcase classname="my_projects.ALT_Tag" name="checkAltTags" time="1.631"/>
  <testcase classname="my_projects.ALT_Tag" name="checkAltTags" time="0.925"/>
</testsuite> <!-- Default test -->
