<?xml version="1.0" encoding="UTF-8"?>
<testng-results ignored="0" total="602" passed="602" failed="0" skipped="0">
  <reporter-output>
  </reporter-output>
  <suite started-at="2025-02-07T12:16:44 IST" name="Default suite" finished-at="2025-02-07T12:36:23 IST" duration-ms="1179023">
    <groups>
    </groups>
    <test started-at="2025-02-07T12:16:44 IST" name="Default test" finished-at="2025-02-07T12:36:23 IST" duration-ms="1179023">
      <class name="my_projects.ALT_Tag">
        <test-method is-config="true" signature="setUp()[pri:0, instance:my_projects.ALT_Tag@6aeb35e6]" started-at="2025-02-07T12:16:44 IST" name="setUp" finished-at="2025-02-07T12:16:49 IST" duration-ms="5527" status="PASS">
          <reporter-output>
          </reporter-output>
        </test-method> <!-- setUp -->
        <test-method signature="checkAltTags(java.lang.String)[pri:0, instance:my_projects.ALT_Tag@6aeb35e6]" started-at="2025-02-07T12:16:49 IST" name="checkAltTags" data-provider="urlProvider" finished-at="2025-02-07T12:17:01 IST" duration-ms="12210" status="PASS">
          <params>
            <param index="0">
              <value>
                <![CDATA[https://blog.tsibinc.com/hs-search-results?type=BLOG_POST&type=LISTING_PAGE&q=blog&offset=3]]>
              </value>
            </param>
          </params>
          <reporter-output>
          </reporter-output>
        </test-method> <!-- checkAltTags -->
        <test-method signature="checkAltTags(java.lang.String)[pri:0, instance:my_projects.ALT_Tag@6aeb35e6]" started-at="2025-02-07T12:17:01 IST" name="checkAltTags" data-provider="urlProvider" finished-at="2025-02-07T12:17:06 IST" duration-ms="4620" status="PASS">
          <params>
            <param index="0">
              <value>
                <![CDATA[https://blog.tsibinc.com/]]>
              </value>
            </param>
          </params>
          <reporter-output>
          </reporter-output>
        </test-method> <!-- checkAltTags -->
        <test-method signature="checkAltTags(java.lang.String)[pri:0, instance:my_projects.ALT_Tag@6aeb35e6]" started-at="2025-02-07T12:17:06 IST" name="checkAltTags" data-provider="urlProvider" finished-at="2025-02-07T12:17:14 IST" duration-ms="7765" status="PASS">
          <params>
            <param index="0">
              <value>
                <![CDATA[https://blog.tsibinc.com/all]]>
              </value>
            </param>
          </params>
          <reporter-output>
          </reporter-output>
        </test-method> <!-- checkAltTags -->
        <test-method signature="checkAltTags(java.lang.String)[pri:0, instance:my_projects.ALT_Tag@6aeb35e6]" started-at="2025-02-07T12:17:14 IST" name="checkAltTags" data-provider="urlProvider" finished-at="2025-02-07T12:17:16 IST" duration-ms="2679" status="PASS">
          <params>
            <param index="0">
              <value>
                <![CDATA[https://blog.tsibinc.com/page/1]]>
              </value>
            </param>
          </params>
          <reporter-output>
          </reporter-output>
        </test-method> <!-- checkAltTags -->
        <test-method signature="checkAltTags(java.lang.String)[pri:0, instance:my_projects.ALT_Tag@6aeb35e6]" started-at="2025-02-07T12:17:16 IST" name="checkAltTags" data-provider="urlProvider" finished-at="2025-02-07T12:17:17 IST" duration-ms="937" status="PASS">
          <params>
            <param index="0">
              <value>
                <![CDATA[https://blog.tsibinc.com/page/2]]>
              </value>
            </param>
          </params>
          <reporter-output>
          </reporter-output>
        </test-method> <!-- checkAltTags -->
        <test-method signature="checkAltTags(java.lang.String)[pri:0, instance:my_projects.ALT_Tag@6aeb35e6]" started-at="2025-02-07T12:17:17 IST" name="checkAltTags" data-provider="urlProvider" finished-at="2025-02-07T12:17:19 IST" duration-ms="1522" status="PASS">
          <params>
            <param index="0">
              <value>
                <![CDATA[https://blog.tsibinc.com/page/3]]>
              </value>
            </param>
          </params>
          <reporter-output>
          </reporter-output>
        </test-method> <!-- checkAltTags -->
        <test-method signature="checkAltTags(java.lang.String)[pri:0, instance:my_projects.ALT_Tag@6aeb35e6]" started-at="2025-02-07T12:17:19 IST" name="checkAltTags" data-provider="urlProvider" finished-at="2025-02-07T12:17:21 IST" duration-ms="1976" status="PASS">
          <params>
            <param index="0">
              <value>
                <![CDATA[https://blog.tsibinc.com/page/4]]>
              </value>
            </param>
          </params>
          <reporter-output>
          </reporter-output>
        </test-method> <!-- checkAltTags -->
        <test-method signature="checkAltTags(java.lang.String)[pri:0, instance:my_projects.ALT_Tag@6aeb35e6]" started-at="2025-02-07T12:17:21 IST" name="checkAltTags" data-provider="urlProvider" finished-at="2025-02-07T12:17:23 IST" duration-ms="1621" status="PASS">
          <params>
            <param index="0">
              <value>
                <![CDATA[https://blog.tsibinc.com/page/5]]>
              </value>
            </param>
          </params>
          <reporter-output>
          </reporter-output>
        </test-method> <!-- checkAltTags -->
        <test-method signature="checkAltTags(java.lang.String)[pri:0, instance:my_projects.ALT_Tag@6aeb35e6]" started-at="2025-02-07T12:17:23 IST" name="checkAltTags" data-provider="urlProvider" finished-at="2025-02-07T12:17:24 IST" duration-ms="1593" status="PASS">
          <params>
            <param index="0">
              <value>
                <![CDATA[https://blog.tsibinc.com/page/6]]>
              </value>
            </param>
          </params>
          <reporter-output>
          </reporter-output>
        </test-method> <!-- checkAltTags -->
        <test-method signature="checkAltTags(java.lang.String)[pri:0, instance:my_projects.ALT_Tag@6aeb35e6]" started-at="2025-02-07T12:17:24 IST" name="checkAltTags" data-provider="urlProvider" finished-at="2025-02-07T12:17:25 IST" duration-ms="1026" status="PASS">
          <params>
            <param index="0">
              <value>
                <![CDATA[https://blog.tsibinc.com/page/7]]>
              </value>
            </param>
          </params>
          <reporter-output>
          </reporter-output>
        </test-method> <!-- checkAltTags -->
        <test-method signature="checkAltTags(java.lang.String)[pri:0, instance:my_projects.ALT_Tag@6aeb35e6]" started-at="2025-02-07T12:17:25 IST" name="checkAltTags" data-provider="urlProvider" finished-at="2025-02-07T12:17:27 IST" duration-ms="1605" status="PASS">
          <params>
            <param index="0">
              <value>
                <![CDATA[https://blog.tsibinc.com/page/8]]>
              </value>
            </param>
          </params>
          <reporter-output>
          </reporter-output>
        </test-method> <!-- checkAltTags -->
        <test-method signature="checkAltTags(java.lang.String)[pri:0, instance:my_projects.ALT_Tag@6aeb35e6]" started-at="2025-02-07T12:17:27 IST" name="checkAltTags" data-provider="urlProvider" finished-at="2025-02-07T12:17:29 IST" duration-ms="2670" status="PASS">
          <params>
            <param index="0">
              <value>
                <![CDATA[https://blog.tsibinc.com/page/9]]>
              </value>
            </param>
          </params>
          <reporter-output>
          </reporter-output>
        </test-method> <!-- checkAltTags -->
        <test-method signature="checkAltTags(java.lang.String)[pri:0, instance:my_projects.ALT_Tag@6aeb35e6]" started-at="2025-02-07T12:17:29 IST" name="checkAltTags" data-provider="urlProvider" finished-at="2025-02-07T12:17:31 IST" duration-ms="1483" status="PASS">
          <params>
            <param index="0">
              <value>
                <![CDATA[https://blog.tsibinc.com/page/10]]>
              </value>
            </param>
          </params>
          <reporter-output>
          </reporter-output>
        </test-method> <!-- checkAltTags -->
        <test-method signature="checkAltTags(java.lang.String)[pri:0, instance:my_projects.ALT_Tag@6aeb35e6]" started-at="2025-02-07T12:17:31 IST" name="checkAltTags" data-provider="urlProvider" finished-at="2025-02-07T12:17:32 IST" duration-ms="845" status="PASS">
          <params>
            <param index="0">
              <value>
                <![CDATA[https://blog.tsibinc.com/page/11]]>
              </value>
            </param>
          </params>
          <reporter-output>
          </reporter-output>
        </test-method> <!-- checkAltTags -->
        <test-method signature="checkAltTags(java.lang.String)[pri:0, instance:my_projects.ALT_Tag@6aeb35e6]" started-at="2025-02-07T12:17:32 IST" name="checkAltTags" data-provider="urlProvider" finished-at="2025-02-07T12:17:34 IST" duration-ms="1809" status="PASS">
          <params>
            <param index="0">
              <value>
                <![CDATA[https://blog.tsibinc.com/page/12]]>
              </value>
            </param>
          </params>
          <reporter-output>
          </reporter-output>
        </test-method> <!-- checkAltTags -->
        <test-method signature="checkAltTags(java.lang.String)[pri:0, instance:my_projects.ALT_Tag@6aeb35e6]" started-at="2025-02-07T12:17:34 IST" name="checkAltTags" data-provider="urlProvider" finished-at="2025-02-07T12:17:35 IST" duration-ms="1737" status="PASS">
          <params>
            <param index="0">
              <value>
                <![CDATA[https://blog.tsibinc.com/page/13]]>
              </value>
            </param>
          </params>
          <reporter-output>
          </reporter-output>
        </test-method> <!-- checkAltTags -->
        <test-method signature="checkAltTags(java.lang.String)[pri:0, instance:my_projects.ALT_Tag@6aeb35e6]" started-at="2025-02-07T12:17:35 IST" name="checkAltTags" data-provider="urlProvider" finished-at="2025-02-07T12:17:36 IST" duration-ms="881" status="PASS">
          <params>
            <param index="0">
              <value>
                <![CDATA[https://blog.tsibinc.com/page/14]]>
              </value>
            </param>
          </params>
          <reporter-output>
          </reporter-output>
        </test-method> <!-- checkAltTags -->
        <test-method signature="checkAltTags(java.lang.String)[pri:0, instance:my_projects.ALT_Tag@6aeb35e6]" started-at="2025-02-07T12:17:36 IST" name="checkAltTags" data-provider="urlProvider" finished-at="2025-02-07T12:17:38 IST" duration-ms="1343" status="PASS">
          <params>
            <param index="0">
              <value>
                <![CDATA[https://blog.tsibinc.com/page/15]]>
              </value>
            </param>
          </params>
          <reporter-output>
          </reporter-output>
        </test-method> <!-- checkAltTags -->
        <test-method signature="checkAltTags(java.lang.String)[pri:0, instance:my_projects.ALT_Tag@6aeb35e6]" started-at="2025-02-07T12:17:38 IST" name="checkAltTags" data-provider="urlProvider" finished-at="2025-02-07T12:17:38 IST" duration-ms="911" status="PASS">
          <params>
            <param index="0">
              <value>
                <![CDATA[https://blog.tsibinc.com/page/16]]>
              </value>
            </param>
          </params>
          <reporter-output>
          </reporter-output>
        </test-method> <!-- checkAltTags -->
        <test-method signature="checkAltTags(java.lang.String)[pri:0, instance:my_projects.ALT_Tag@6aeb35e6]" started-at="2025-02-07T12:17:38 IST" name="checkAltTags" data-provider="urlProvider" finished-at="2025-02-07T12:17:40 IST" duration-ms="1556" status="PASS">
          <params>
            <param index="0">
              <value>
                <![CDATA[https://blog.tsibinc.com/page/17]]>
              </value>
            </param>
          </params>
          <reporter-output>
          </reporter-output>
        </test-method> <!-- checkAltTags -->
        <test-method signature="checkAltTags(java.lang.String)[pri:0, instance:my_projects.ALT_Tag@6aeb35e6]" started-at="2025-02-07T12:17:40 IST" name="checkAltTags" data-provider="urlProvider" finished-at="2025-02-07T12:17:41 IST" duration-ms="849" status="PASS">
          <params>
            <param index="0">
              <value>
                <![CDATA[https://blog.tsibinc.com/page/18]]>
              </value>
            </param>
          </params>
          <reporter-output>
          </reporter-output>
        </test-method> <!-- checkAltTags -->
        <test-method signature="checkAltTags(java.lang.String)[pri:0, instance:my_projects.ALT_Tag@6aeb35e6]" started-at="2025-02-07T12:17:41 IST" name="checkAltTags" data-provider="urlProvider" finished-at="2025-02-07T12:17:42 IST" duration-ms="1518" status="PASS">
          <params>
            <param index="0">
              <value>
                <![CDATA[https://blog.tsibinc.com/page/19]]>
              </value>
            </param>
          </params>
          <reporter-output>
          </reporter-output>
        </test-method> <!-- checkAltTags -->
        <test-method signature="checkAltTags(java.lang.String)[pri:0, instance:my_projects.ALT_Tag@6aeb35e6]" started-at="2025-02-07T12:17:42 IST" name="checkAltTags" data-provider="urlProvider" finished-at="2025-02-07T12:17:44 IST" duration-ms="1781" status="PASS">
          <params>
            <param index="0">
              <value>
                <![CDATA[https://blog.tsibinc.com/page/20]]>
              </value>
            </param>
          </params>
          <reporter-output>
          </reporter-output>
        </test-method> <!-- checkAltTags -->
        <test-method signature="checkAltTags(java.lang.String)[pri:0, instance:my_projects.ALT_Tag@6aeb35e6]" started-at="2025-02-07T12:17:44 IST" name="checkAltTags" data-provider="urlProvider" finished-at="2025-02-07T12:17:46 IST" duration-ms="1765" status="PASS">
          <params>
            <param index="0">
              <value>
                <![CDATA[https://blog.tsibinc.com/page/21]]>
              </value>
            </param>
          </params>
          <reporter-output>
          </reporter-output>
        </test-method> <!-- checkAltTags -->
        <test-method signature="checkAltTags(java.lang.String)[pri:0, instance:my_projects.ALT_Tag@6aeb35e6]" started-at="2025-02-07T12:17:46 IST" name="checkAltTags" data-provider="urlProvider" finished-at="2025-02-07T12:17:47 IST" duration-ms="957" status="PASS">
          <params>
            <param index="0">
              <value>
                <![CDATA[https://blog.tsibinc.com/page/22]]>
              </value>
            </param>
          </params>
          <reporter-output>
          </reporter-output>
        </test-method> <!-- checkAltTags -->
        <test-method signature="checkAltTags(java.lang.String)[pri:0, instance:my_projects.ALT_Tag@6aeb35e6]" started-at="2025-02-07T12:17:47 IST" name="checkAltTags" data-provider="urlProvider" finished-at="2025-02-07T12:17:51 IST" duration-ms="4456" status="PASS">
          <params>
            <param index="0">
              <value>
                <![CDATA[https://blog.tsibinc.com/page/23]]>
              </value>
            </param>
          </params>
          <reporter-output>
          </reporter-output>
        </test-method> <!-- checkAltTags -->
        <test-method signature="checkAltTags(java.lang.String)[pri:0, instance:my_projects.ALT_Tag@6aeb35e6]" started-at="2025-02-07T12:17:51 IST" name="checkAltTags" data-provider="urlProvider" finished-at="2025-02-07T12:17:57 IST" duration-ms="5436" status="PASS">
          <params>
            <param index="0">
              <value>
                <![CDATA[https://blog.tsibinc.com/page/24]]>
              </value>
            </param>
          </params>
          <reporter-output>
          </reporter-output>
        </test-method> <!-- checkAltTags -->
        <test-method signature="checkAltTags(java.lang.String)[pri:0, instance:my_projects.ALT_Tag@6aeb35e6]" started-at="2025-02-07T12:17:57 IST" name="checkAltTags" data-provider="urlProvider" finished-at="2025-02-07T12:18:03 IST" duration-ms="6388" status="PASS">
          <params>
            <param index="0">
              <value>
                <![CDATA[https://blog.tsibinc.com/page/25]]>
              </value>
            </param>
          </params>
          <reporter-output>
          </reporter-output>
        </test-method> <!-- checkAltTags -->
        <test-method signature="checkAltTags(java.lang.String)[pri:0, instance:my_projects.ALT_Tag@6aeb35e6]" started-at="2025-02-07T12:18:03 IST" name="checkAltTags" data-provider="urlProvider" finished-at="2025-02-07T12:18:09 IST" duration-ms="5586" status="PASS">
          <params>
            <param index="0">
              <value>
                <![CDATA[https://blog.tsibinc.com/page/26]]>
              </value>
            </param>
          </params>
          <reporter-output>
          </reporter-output>
        </test-method> <!-- checkAltTags -->
        <test-method signature="checkAltTags(java.lang.String)[pri:0, instance:my_projects.ALT_Tag@6aeb35e6]" started-at="2025-02-07T12:18:09 IST" name="checkAltTags" data-provider="urlProvider" finished-at="2025-02-07T12:18:14 IST" duration-ms="5077" status="PASS">
          <params>
            <param index="0">
              <value>
                <![CDATA[https://blog.tsibinc.com/page/27]]>
              </value>
            </param>
          </params>
          <reporter-output>
          </reporter-output>
        </test-method> <!-- checkAltTags -->
        <test-method signature="checkAltTags(java.lang.String)[pri:0, instance:my_projects.ALT_Tag@6aeb35e6]" started-at="2025-02-07T12:18:14 IST" name="checkAltTags" data-provider="urlProvider" finished-at="2025-02-07T12:18:17 IST" duration-ms="2719" status="PASS">
          <params>
            <param index="0">
              <value>
                <![CDATA[https://blog.tsibinc.com/page/28]]>
              </value>
            </param>
          </params>
          <reporter-output>
          </reporter-output>
        </test-method> <!-- checkAltTags -->
        <test-method signature="checkAltTags(java.lang.String)[pri:0, instance:my_projects.ALT_Tag@6aeb35e6]" started-at="2025-02-07T12:18:17 IST" name="checkAltTags" data-provider="urlProvider" finished-at="2025-02-07T12:18:19 IST" duration-ms="2086" status="PASS">
          <params>
            <param index="0">
              <value>
                <![CDATA[https://blog.tsibinc.com/page/29]]>
              </value>
            </param>
          </params>
          <reporter-output>
          </reporter-output>
        </test-method> <!-- checkAltTags -->
        <test-method signature="checkAltTags(java.lang.String)[pri:0, instance:my_projects.ALT_Tag@6aeb35e6]" started-at="2025-02-07T12:18:19 IST" name="checkAltTags" data-provider="urlProvider" finished-at="2025-02-07T12:18:21 IST" duration-ms="2642" status="PASS">
          <params>
            <param index="0">
              <value>
                <![CDATA[https://blog.tsibinc.com/page/30]]>
              </value>
            </param>
          </params>
          <reporter-output>
          </reporter-output>
        </test-method> <!-- checkAltTags -->
        <test-method signature="checkAltTags(java.lang.String)[pri:0, instance:my_projects.ALT_Tag@6aeb35e6]" started-at="2025-02-07T12:18:21 IST" name="checkAltTags" data-provider="urlProvider" finished-at="2025-02-07T12:18:24 IST" duration-ms="3235" status="PASS">
          <params>
            <param index="0">
              <value>
                <![CDATA[https://blog.tsibinc.com/page/31]]>
              </value>
            </param>
          </params>
          <reporter-output>
          </reporter-output>
        </test-method> <!-- checkAltTags -->
        <test-method signature="checkAltTags(java.lang.String)[pri:0, instance:my_projects.ALT_Tag@6aeb35e6]" started-at="2025-02-07T12:18:24 IST" name="checkAltTags" data-provider="urlProvider" finished-at="2025-02-07T12:18:27 IST" duration-ms="2057" status="PASS">
          <params>
            <param index="0">
              <value>
                <![CDATA[https://blog.tsibinc.com/page/32]]>
              </value>
            </param>
          </params>
          <reporter-output>
          </reporter-output>
        </test-method> <!-- checkAltTags -->
        <test-method signature="checkAltTags(java.lang.String)[pri:0, instance:my_projects.ALT_Tag@6aeb35e6]" started-at="2025-02-07T12:18:27 IST" name="checkAltTags" data-provider="urlProvider" finished-at="2025-02-07T12:18:29 IST" duration-ms="2528" status="PASS">
          <params>
            <param index="0">
              <value>
                <![CDATA[https://blog.tsibinc.com/page/33]]>
              </value>
            </param>
          </params>
          <reporter-output>
          </reporter-output>
        </test-method> <!-- checkAltTags -->
        <test-method signature="checkAltTags(java.lang.String)[pri:0, instance:my_projects.ALT_Tag@6aeb35e6]" started-at="2025-02-07T12:18:29 IST" name="checkAltTags" data-provider="urlProvider" finished-at="2025-02-07T12:18:32 IST" duration-ms="2581" status="PASS">
          <params>
            <param index="0">
              <value>
                <![CDATA[https://blog.tsibinc.com/page/34]]>
              </value>
            </param>
          </params>
          <reporter-output>
          </reporter-output>
        </test-method> <!-- checkAltTags -->
        <test-method signature="checkAltTags(java.lang.String)[pri:0, instance:my_projects.ALT_Tag@6aeb35e6]" started-at="2025-02-07T12:18:32 IST" name="checkAltTags" data-provider="urlProvider" finished-at="2025-02-07T12:18:34 IST" duration-ms="2259" status="PASS">
          <params>
            <param index="0">
              <value>
                <![CDATA[https://blog.tsibinc.com/page/35]]>
              </value>
            </param>
          </params>
          <reporter-output>
          </reporter-output>
        </test-method> <!-- checkAltTags -->
        <test-method signature="checkAltTags(java.lang.String)[pri:0, instance:my_projects.ALT_Tag@6aeb35e6]" started-at="2025-02-07T12:18:34 IST" name="checkAltTags" data-provider="urlProvider" finished-at="2025-02-07T12:18:36 IST" duration-ms="1894" status="PASS">
          <params>
            <param index="0">
              <value>
                <![CDATA[https://blog.tsibinc.com/page/36]]>
              </value>
            </param>
          </params>
          <reporter-output>
          </reporter-output>
        </test-method> <!-- checkAltTags -->
        <test-method signature="checkAltTags(java.lang.String)[pri:0, instance:my_projects.ALT_Tag@6aeb35e6]" started-at="2025-02-07T12:18:36 IST" name="checkAltTags" data-provider="urlProvider" finished-at="2025-02-07T12:18:38 IST" duration-ms="2560" status="PASS">
          <params>
            <param index="0">
              <value>
                <![CDATA[https://blog.tsibinc.com/page/37]]>
              </value>
            </param>
          </params>
          <reporter-output>
          </reporter-output>
        </test-method> <!-- checkAltTags -->
        <test-method signature="checkAltTags(java.lang.String)[pri:0, instance:my_projects.ALT_Tag@6aeb35e6]" started-at="2025-02-07T12:18:38 IST" name="checkAltTags" data-provider="urlProvider" finished-at="2025-02-07T12:18:40 IST" duration-ms="2028" status="PASS">
          <params>
            <param index="0">
              <value>
                <![CDATA[https://blog.tsibinc.com/page/38]]>
              </value>
            </param>
          </params>
          <reporter-output>
          </reporter-output>
        </test-method> <!-- checkAltTags -->
        <test-method signature="checkAltTags(java.lang.String)[pri:0, instance:my_projects.ALT_Tag@6aeb35e6]" started-at="2025-02-07T12:18:40 IST" name="checkAltTags" data-provider="urlProvider" finished-at="2025-02-07T12:18:42 IST" duration-ms="1253" status="PASS">
          <params>
            <param index="0">
              <value>
                <![CDATA[https://blog.tsibinc.com/page/39]]>
              </value>
            </param>
          </params>
          <reporter-output>
          </reporter-output>
        </test-method> <!-- checkAltTags -->
        <test-method signature="checkAltTags(java.lang.String)[pri:0, instance:my_projects.ALT_Tag@6aeb35e6]" started-at="2025-02-07T12:18:42 IST" name="checkAltTags" data-provider="urlProvider" finished-at="2025-02-07T12:18:44 IST" duration-ms="2419" status="PASS">
          <params>
            <param index="0">
              <value>
                <![CDATA[https://blog.tsibinc.com/]]>
              </value>
            </param>
          </params>
          <reporter-output>
          </reporter-output>
        </test-method> <!-- checkAltTags -->
        <test-method signature="checkAltTags(java.lang.String)[pri:0, instance:my_projects.ALT_Tag@6aeb35e6]" started-at="2025-02-07T12:18:44 IST" name="checkAltTags" data-provider="urlProvider" finished-at="2025-02-07T12:18:46 IST" duration-ms="1532" status="PASS">
          <params>
            <param index="0">
              <value>
                <![CDATA[https://blog.tsibinc.com/topic/captive]]>
              </value>
            </param>
          </params>
          <reporter-output>
          </reporter-output>
        </test-method> <!-- checkAltTags -->
        <test-method signature="checkAltTags(java.lang.String)[pri:0, instance:my_projects.ALT_Tag@6aeb35e6]" started-at="2025-02-07T12:18:46 IST" name="checkAltTags" data-provider="urlProvider" finished-at="2025-02-07T12:18:49 IST" duration-ms="3347" status="PASS">
          <params>
            <param index="0">
              <value>
                <![CDATA[https://blog.tsibinc.com/topic/co-brokering/page/2]]>
              </value>
            </param>
          </params>
          <reporter-output>
          </reporter-output>
        </test-method> <!-- checkAltTags -->
        <test-method signature="checkAltTags(java.lang.String)[pri:0, instance:my_projects.ALT_Tag@6aeb35e6]" started-at="2025-02-07T12:18:49 IST" name="checkAltTags" data-provider="urlProvider" finished-at="2025-02-07T12:18:50 IST" duration-ms="1173" status="PASS">
          <params>
            <param index="0">
              <value>
                <![CDATA[https://blog.tsibinc.com/topic/construction-insurance]]>
              </value>
            </param>
          </params>
          <reporter-output>
          </reporter-output>
        </test-method> <!-- checkAltTags -->
        <test-method signature="checkAltTags(java.lang.String)[pri:0, instance:my_projects.ALT_Tag@6aeb35e6]" started-at="2025-02-07T12:18:50 IST" name="checkAltTags" data-provider="urlProvider" finished-at="2025-02-07T12:18:52 IST" duration-ms="1437" status="PASS">
          <params>
            <param index="0">
              <value>
                <![CDATA[https://blog.tsibinc.com/topic/placing-a-wrap-up-series]]>
              </value>
            </param>
          </params>
          <reporter-output>
          </reporter-output>
        </test-method> <!-- checkAltTags -->
        <test-method signature="checkAltTags(java.lang.String)[pri:0, instance:my_projects.ALT_Tag@6aeb35e6]" started-at="2025-02-07T12:18:52 IST" name="checkAltTags" data-provider="urlProvider" finished-at="2025-02-07T12:18:56 IST" duration-ms="4312" status="PASS">
          <params>
            <param index="0">
              <value>
                <![CDATA[https://blog.tsibinc.com/how-to-enroll-stay-compliant-in-a-wrap-program]]>
              </value>
            </param>
          </params>
          <reporter-output>
          </reporter-output>
        </test-method> <!-- checkAltTags -->
        <test-method signature="checkAltTags(java.lang.String)[pri:0, instance:my_projects.ALT_Tag@6aeb35e6]" started-at="2025-02-07T12:18:56 IST" name="checkAltTags" data-provider="urlProvider" finished-at="2025-02-07T12:18:58 IST" duration-ms="1799" status="PASS">
          <params>
            <param index="0">
              <value>
                <![CDATA[https://blog.tsibinc.com/develop-your-safety-program-in-3-steps]]>
              </value>
            </param>
          </params>
          <reporter-output>
          </reporter-output>
        </test-method> <!-- checkAltTags -->
        <test-method signature="checkAltTags(java.lang.String)[pri:0, instance:my_projects.ALT_Tag@6aeb35e6]" started-at="2025-02-07T12:18:58 IST" name="checkAltTags" data-provider="urlProvider" finished-at="2025-02-07T12:18:59 IST" duration-ms="1290" status="PASS">
          <params>
            <param index="0">
              <value>
                <![CDATA[https://blog.tsibinc.com/topic/claims/page/2]]>
              </value>
            </param>
          </params>
          <reporter-output>
          </reporter-output>
        </test-method> <!-- checkAltTags -->
        <test-method signature="checkAltTags(java.lang.String)[pri:0, instance:my_projects.ALT_Tag@6aeb35e6]" started-at="2025-02-07T12:18:59 IST" name="checkAltTags" data-provider="urlProvider" finished-at="2025-02-07T12:19:00 IST" duration-ms="1292" status="PASS">
          <params>
            <param index="0">
              <value>
                <![CDATA[https://blog.tsibinc.com/page/5]]>
              </value>
            </param>
          </params>
          <reporter-output>
          </reporter-output>
        </test-method> <!-- checkAltTags -->
        <test-method signature="checkAltTags(java.lang.String)[pri:0, instance:my_projects.ALT_Tag@6aeb35e6]" started-at="2025-02-07T12:19:00 IST" name="checkAltTags" data-provider="urlProvider" finished-at="2025-02-07T12:19:02 IST" duration-ms="1708" status="PASS">
          <params>
            <param index="0">
              <value>
                <![CDATA[https://blog.tsibinc.com/topic/safety]]>
              </value>
            </param>
          </params>
          <reporter-output>
          </reporter-output>
        </test-method> <!-- checkAltTags -->
        <test-method signature="checkAltTags(java.lang.String)[pri:0, instance:my_projects.ALT_Tag@6aeb35e6]" started-at="2025-02-07T12:19:02 IST" name="checkAltTags" data-provider="urlProvider" finished-at="2025-02-07T12:19:03 IST" duration-ms="1254" status="PASS">
          <params>
            <param index="0">
              <value>
                <![CDATA[https://blog.tsibinc.com/topic/wrap-up-administration/page/2]]>
              </value>
            </param>
          </params>
          <reporter-output>
          </reporter-output>
        </test-method> <!-- checkAltTags -->
        <test-method signature="checkAltTags(java.lang.String)[pri:0, instance:my_projects.ALT_Tag@6aeb35e6]" started-at="2025-02-07T12:19:03 IST" name="checkAltTags" data-provider="urlProvider" finished-at="2025-02-07T12:19:05 IST" duration-ms="1283" status="PASS">
          <params>
            <param index="0">
              <value>
                <![CDATA[https://blog.tsibinc.com/topic/oppi]]>
              </value>
            </param>
          </params>
          <reporter-output>
          </reporter-output>
        </test-method> <!-- checkAltTags -->
        <test-method signature="checkAltTags(java.lang.String)[pri:0, instance:my_projects.ALT_Tag@6aeb35e6]" started-at="2025-02-07T12:19:05 IST" name="checkAltTags" data-provider="urlProvider" finished-at="2025-02-07T12:19:06 IST" duration-ms="1270" status="PASS">
          <params>
            <param index="0">
              <value>
                <![CDATA[https://blog.tsibinc.com/page/3]]>
              </value>
            </param>
          </params>
          <reporter-output>
          </reporter-output>
        </test-method> <!-- checkAltTags -->
        <test-method signature="checkAltTags(java.lang.String)[pri:0, instance:my_projects.ALT_Tag@6aeb35e6]" started-at="2025-02-07T12:19:06 IST" name="checkAltTags" data-provider="urlProvider" finished-at="2025-02-07T12:19:08 IST" duration-ms="1842" status="PASS">
          <params>
            <param index="0">
              <value>
                <![CDATA[https://blog.tsibinc.com/page/2]]>
              </value>
            </param>
          </params>
          <reporter-output>
          </reporter-output>
        </test-method> <!-- checkAltTags -->
        <test-method signature="checkAltTags(java.lang.String)[pri:0, instance:my_projects.ALT_Tag@6aeb35e6]" started-at="2025-02-07T12:19:08 IST" name="checkAltTags" data-provider="urlProvider" finished-at="2025-02-07T12:19:09 IST" duration-ms="1363" status="PASS">
          <params>
            <param index="0">
              <value>
                <![CDATA[https://blog.tsibinc.com/page/4]]>
              </value>
            </param>
          </params>
          <reporter-output>
          </reporter-output>
        </test-method> <!-- checkAltTags -->
        <test-method signature="checkAltTags(java.lang.String)[pri:0, instance:my_projects.ALT_Tag@6aeb35e6]" started-at="2025-02-07T12:19:09 IST" name="checkAltTags" data-provider="urlProvider" finished-at="2025-02-07T12:19:10 IST" duration-ms="1300" status="PASS">
          <params>
            <param index="0">
              <value>
                <![CDATA[https://blog.tsibinc.com/topic/workers-compensation]]>
              </value>
            </param>
          </params>
          <reporter-output>
          </reporter-output>
        </test-method> <!-- checkAltTags -->
        <test-method signature="checkAltTags(java.lang.String)[pri:0, instance:my_projects.ALT_Tag@6aeb35e6]" started-at="2025-02-07T12:19:10 IST" name="checkAltTags" data-provider="urlProvider" finished-at="2025-02-07T12:19:12 IST" duration-ms="1216" status="PASS">
          <params>
            <param index="0">
              <value>
                <![CDATA[https://blog.tsibinc.com/topic/surety-bonding]]>
              </value>
            </param>
          </params>
          <reporter-output>
          </reporter-output>
        </test-method> <!-- checkAltTags -->
        <test-method signature="checkAltTags(java.lang.String)[pri:0, instance:my_projects.ALT_Tag@6aeb35e6]" started-at="2025-02-07T12:19:12 IST" name="checkAltTags" data-provider="urlProvider" finished-at="2025-02-07T12:19:14 IST" duration-ms="2596" status="PASS">
          <params>
            <param index="0">
              <value>
                <![CDATA[https://blog.tsibinc.com/topic/icap]]>
              </value>
            </param>
          </params>
          <reporter-output>
          </reporter-output>
        </test-method> <!-- checkAltTags -->
        <test-method signature="checkAltTags(java.lang.String)[pri:0, instance:my_projects.ALT_Tag@6aeb35e6]" started-at="2025-02-07T12:19:14 IST" name="checkAltTags" data-provider="urlProvider" finished-at="2025-02-07T12:19:15 IST" duration-ms="1243" status="PASS">
          <params>
            <param index="0">
              <value>
                <![CDATA[https://blog.tsibinc.com/co-brokering-in-the-insurance-industry]]>
              </value>
            </param>
          </params>
          <reporter-output>
          </reporter-output>
        </test-method> <!-- checkAltTags -->
        <test-method signature="checkAltTags(java.lang.String)[pri:0, instance:my_projects.ALT_Tag@6aeb35e6]" started-at="2025-02-07T12:19:15 IST" name="checkAltTags" data-provider="urlProvider" finished-at="2025-02-07T12:19:17 IST" duration-ms="1174" status="PASS">
          <params>
            <param index="0">
              <value>
                <![CDATA[https://blog.tsibinc.com/topic/covid-19]]>
              </value>
            </param>
          </params>
          <reporter-output>
          </reporter-output>
        </test-method> <!-- checkAltTags -->
        <test-method signature="checkAltTags(java.lang.String)[pri:0, instance:my_projects.ALT_Tag@6aeb35e6]" started-at="2025-02-07T12:19:17 IST" name="checkAltTags" data-provider="urlProvider" finished-at="2025-02-07T12:19:18 IST" duration-ms="1110" status="PASS">
          <params>
            <param index="0">
              <value>
                <![CDATA[https://blog.tsibinc.com/topic/developers]]>
              </value>
            </param>
          </params>
          <reporter-output>
          </reporter-output>
        </test-method> <!-- checkAltTags -->
        <test-method signature="checkAltTags(java.lang.String)[pri:0, instance:my_projects.ALT_Tag@6aeb35e6]" started-at="2025-02-07T12:19:18 IST" name="checkAltTags" data-provider="urlProvider" finished-at="2025-02-07T12:19:19 IST" duration-ms="1206" status="PASS">
          <params>
            <param index="0">
              <value>
                <![CDATA[https://blog.tsibinc.com/topic/claims]]>
              </value>
            </param>
          </params>
          <reporter-output>
          </reporter-output>
        </test-method> <!-- checkAltTags -->
        <test-method signature="checkAltTags(java.lang.String)[pri:0, instance:my_projects.ALT_Tag@6aeb35e6]" started-at="2025-02-07T12:19:19 IST" name="checkAltTags" data-provider="urlProvider" finished-at="2025-02-07T12:19:20 IST" duration-ms="1450" status="PASS">
          <params>
            <param index="0">
              <value>
                <![CDATA[https://blog.tsibinc.com/topic/property-coverage]]>
              </value>
            </param>
          </params>
          <reporter-output>
          </reporter-output>
        </test-method> <!-- checkAltTags -->
        <test-method signature="checkAltTags(java.lang.String)[pri:0, instance:my_projects.ALT_Tag@6aeb35e6]" started-at="2025-02-07T12:19:20 IST" name="checkAltTags" data-provider="urlProvider" finished-at="2025-02-07T12:19:22 IST" duration-ms="1674" status="PASS">
          <params>
            <param index="0">
              <value>
                <![CDATA[https://blog.tsibinc.com/topic/sdi]]>
              </value>
            </param>
          </params>
          <reporter-output>
          </reporter-output>
        </test-method> <!-- checkAltTags -->
        <test-method signature="checkAltTags(java.lang.String)[pri:0, instance:my_projects.ALT_Tag@6aeb35e6]" started-at="2025-02-07T12:19:22 IST" name="checkAltTags" data-provider="urlProvider" finished-at="2025-02-07T12:19:24 IST" duration-ms="1638" status="PASS">
          <params>
            <param index="0">
              <value>
                <![CDATA[https://blog.tsibinc.com/topic/construction-inclusion-week]]>
              </value>
            </param>
          </params>
          <reporter-output>
          </reporter-output>
        </test-method> <!-- checkAltTags -->
        <test-method signature="checkAltTags(java.lang.String)[pri:0, instance:my_projects.ALT_Tag@6aeb35e6]" started-at="2025-02-07T12:19:24 IST" name="checkAltTags" data-provider="urlProvider" finished-at="2025-02-07T12:19:25 IST" duration-ms="1179" status="PASS">
          <params>
            <param index="0">
              <value>
                <![CDATA[https://blog.tsibinc.com/topic/auto-coverage]]>
              </value>
            </param>
          </params>
          <reporter-output>
          </reporter-output>
        </test-method> <!-- checkAltTags -->
        <test-method signature="checkAltTags(java.lang.String)[pri:0, instance:my_projects.ALT_Tag@6aeb35e6]" started-at="2025-02-07T12:19:25 IST" name="checkAltTags" data-provider="urlProvider" finished-at="2025-02-07T12:19:26 IST" duration-ms="1270" status="PASS">
          <params>
            <param index="0">
              <value>
                <![CDATA[https://blog.tsibinc.com/topic/artificial-intelligence/page/2]]>
              </value>
            </param>
          </params>
          <reporter-output>
          </reporter-output>
        </test-method> <!-- checkAltTags -->
        <test-method signature="checkAltTags(java.lang.String)[pri:0, instance:my_projects.ALT_Tag@6aeb35e6]" started-at="2025-02-07T12:19:26 IST" name="checkAltTags" data-provider="urlProvider" finished-at="2025-02-07T12:19:27 IST" duration-ms="1007" status="PASS">
          <params>
            <param index="0">
              <value>
                <![CDATA[https://blog.tsibinc.com/topic/co-brokering]]>
              </value>
            </param>
          </params>
          <reporter-output>
          </reporter-output>
        </test-method> <!-- checkAltTags -->
        <test-method signature="checkAltTags(java.lang.String)[pri:0, instance:my_projects.ALT_Tag@6aeb35e6]" started-at="2025-02-07T12:19:27 IST" name="checkAltTags" data-provider="urlProvider" finished-at="2025-02-07T12:19:28 IST" duration-ms="1132" status="PASS">
          <params>
            <param index="0">
              <value>
                <![CDATA[https://blog.tsibinc.com/topic/wrap-ups]]>
              </value>
            </param>
          </params>
          <reporter-output>
          </reporter-output>
        </test-method> <!-- checkAltTags -->
        <test-method signature="checkAltTags(java.lang.String)[pri:0, instance:my_projects.ALT_Tag@6aeb35e6]" started-at="2025-02-07T12:19:28 IST" name="checkAltTags" data-provider="urlProvider" finished-at="2025-02-07T12:19:29 IST" duration-ms="1187" status="PASS">
          <params>
            <param index="0">
              <value>
                <![CDATA[https://blog.tsibinc.com/topic/public-private-partnership]]>
              </value>
            </param>
          </params>
          <reporter-output>
          </reporter-output>
        </test-method> <!-- checkAltTags -->
        <test-method signature="checkAltTags(java.lang.String)[pri:0, instance:my_projects.ALT_Tag@6aeb35e6]" started-at="2025-02-07T12:19:29 IST" name="checkAltTags" data-provider="urlProvider" finished-at="2025-02-07T12:19:30 IST" duration-ms="1011" status="PASS">
          <params>
            <param index="0">
              <value>
                <![CDATA[https://blog.tsibinc.com/topic/artificial-intelligence]]>
              </value>
            </param>
          </params>
          <reporter-output>
          </reporter-output>
        </test-method> <!-- checkAltTags -->
        <test-method signature="checkAltTags(java.lang.String)[pri:0, instance:my_projects.ALT_Tag@6aeb35e6]" started-at="2025-02-07T12:19:30 IST" name="checkAltTags" data-provider="urlProvider" finished-at="2025-02-07T12:19:33 IST" duration-ms="2343" status="PASS">
          <params>
            <param index="0">
              <value>
                <![CDATA[https://blog.tsibinc.com/topic/alternative-risk-financing]]>
              </value>
            </param>
          </params>
          <reporter-output>
          </reporter-output>
        </test-method> <!-- checkAltTags -->
        <test-method signature="checkAltTags(java.lang.String)[pri:0, instance:my_projects.ALT_Tag@6aeb35e6]" started-at="2025-02-07T12:19:33 IST" name="checkAltTags" data-provider="urlProvider" finished-at="2025-02-07T12:19:34 IST" duration-ms="1227" status="PASS">
          <params>
            <param index="0">
              <value>
                <![CDATA[https://blog.tsibinc.com/topic/hard-market]]>
              </value>
            </param>
          </params>
          <reporter-output>
          </reporter-output>
        </test-method> <!-- checkAltTags -->
        <test-method signature="checkAltTags(java.lang.String)[pri:0, instance:my_projects.ALT_Tag@6aeb35e6]" started-at="2025-02-07T12:19:34 IST" name="checkAltTags" data-provider="urlProvider" finished-at="2025-02-07T12:19:35 IST" duration-ms="1253" status="PASS">
          <params>
            <param index="0">
              <value>
                <![CDATA[https://blog.tsibinc.com/topic/commercially-useful-function-cuf]]>
              </value>
            </param>
          </params>
          <reporter-output>
          </reporter-output>
        </test-method> <!-- checkAltTags -->
        <test-method signature="checkAltTags(java.lang.String)[pri:0, instance:my_projects.ALT_Tag@6aeb35e6]" started-at="2025-02-07T12:19:35 IST" name="checkAltTags" data-provider="urlProvider" finished-at="2025-02-07T12:19:36 IST" duration-ms="1167" status="PASS">
          <params>
            <param index="0">
              <value>
                <![CDATA[https://blog.tsibinc.com/topic/terrorism]]>
              </value>
            </param>
          </params>
          <reporter-output>
          </reporter-output>
        </test-method> <!-- checkAltTags -->
        <test-method signature="checkAltTags(java.lang.String)[pri:0, instance:my_projects.ALT_Tag@6aeb35e6]" started-at="2025-02-07T12:19:36 IST" name="checkAltTags" data-provider="urlProvider" finished-at="2025-02-07T12:19:37 IST" duration-ms="1076" status="PASS">
          <params>
            <param index="0">
              <value>
                <![CDATA[https://blog.tsibinc.com/topic/self-insurance]]>
              </value>
            </param>
          </params>
          <reporter-output>
          </reporter-output>
        </test-method> <!-- checkAltTags -->
        <test-method signature="checkAltTags(java.lang.String)[pri:0, instance:my_projects.ALT_Tag@6aeb35e6]" started-at="2025-02-07T12:19:37 IST" name="checkAltTags" data-provider="urlProvider" finished-at="2025-02-07T12:19:38 IST" duration-ms="1023" status="PASS">
          <params>
            <param index="0">
              <value>
                <![CDATA[https://blog.tsibinc.com/topic/homeowners-insurance]]>
              </value>
            </param>
          </params>
          <reporter-output>
          </reporter-output>
        </test-method> <!-- checkAltTags -->
        <test-method signature="checkAltTags(java.lang.String)[pri:0, instance:my_projects.ALT_Tag@6aeb35e6]" started-at="2025-02-07T12:19:38 IST" name="checkAltTags" data-provider="urlProvider" finished-at="2025-02-07T12:19:40 IST" duration-ms="1422" status="PASS">
          <params>
            <param index="0">
              <value>
                <![CDATA[https://blog.tsibinc.com/topic/epli]]>
              </value>
            </param>
          </params>
          <reporter-output>
          </reporter-output>
        </test-method> <!-- checkAltTags -->
        <test-method signature="checkAltTags(java.lang.String)[pri:0, instance:my_projects.ALT_Tag@6aeb35e6]" started-at="2025-02-07T12:19:40 IST" name="checkAltTags" data-provider="urlProvider" finished-at="2025-02-07T12:19:41 IST" duration-ms="938" status="PASS">
          <params>
            <param index="0">
              <value>
                <![CDATA[https://blog.tsibinc.com/topic/contractors-pollution-liability]]>
              </value>
            </param>
          </params>
          <reporter-output>
          </reporter-output>
        </test-method> <!-- checkAltTags -->
        <test-method signature="checkAltTags(java.lang.String)[pri:0, instance:my_projects.ALT_Tag@6aeb35e6]" started-at="2025-02-07T12:19:41 IST" name="checkAltTags" data-provider="urlProvider" finished-at="2025-02-07T12:19:42 IST" duration-ms="1135" status="PASS">
          <params>
            <param index="0">
              <value>
                <![CDATA[https://blog.tsibinc.com/page/39]]>
              </value>
            </param>
          </params>
          <reporter-output>
          </reporter-output>
        </test-method> <!-- checkAltTags -->
        <test-method signature="checkAltTags(java.lang.String)[pri:0, instance:my_projects.ALT_Tag@6aeb35e6]" started-at="2025-02-07T12:19:42 IST" name="checkAltTags" data-provider="urlProvider" finished-at="2025-02-07T12:19:43 IST" duration-ms="1055" status="PASS">
          <params>
            <param index="0">
              <value>
                <![CDATA[https://blog.tsibinc.com/topic/loss-sensitive-plans]]>
              </value>
            </param>
          </params>
          <reporter-output>
          </reporter-output>
        </test-method> <!-- checkAltTags -->
        <test-method signature="checkAltTags(java.lang.String)[pri:0, instance:my_projects.ALT_Tag@6aeb35e6]" started-at="2025-02-07T12:19:43 IST" name="checkAltTags" data-provider="urlProvider" finished-at="2025-02-07T12:19:44 IST" duration-ms="1086" status="PASS">
          <params>
            <param index="0">
              <value>
                <![CDATA[https://blog.tsibinc.com/topic/ccip]]>
              </value>
            </param>
          </params>
          <reporter-output>
          </reporter-output>
        </test-method> <!-- checkAltTags -->
        <test-method signature="checkAltTags(java.lang.String)[pri:0, instance:my_projects.ALT_Tag@6aeb35e6]" started-at="2025-02-07T12:19:44 IST" name="checkAltTags" data-provider="urlProvider" finished-at="2025-02-07T12:19:46 IST" duration-ms="1937" status="PASS">
          <params>
            <param index="0">
              <value>
                <![CDATA[https://blog.tsibinc.com/topic/wrap-up-administration]]>
              </value>
            </param>
          </params>
          <reporter-output>
          </reporter-output>
        </test-method> <!-- checkAltTags -->
        <test-method signature="checkAltTags(java.lang.String)[pri:0, instance:my_projects.ALT_Tag@6aeb35e6]" started-at="2025-02-07T12:19:46 IST" name="checkAltTags" data-provider="urlProvider" finished-at="2025-02-07T12:19:47 IST" duration-ms="1435" status="PASS">
          <params>
            <param index="0">
              <value>
                <![CDATA[https://blog.tsibinc.com/topic/wrap-up]]>
              </value>
            </param>
          </params>
          <reporter-output>
          </reporter-output>
        </test-method> <!-- checkAltTags -->
        <test-method signature="checkAltTags(java.lang.String)[pri:0, instance:my_projects.ALT_Tag@6aeb35e6]" started-at="2025-02-07T12:19:47 IST" name="checkAltTags" data-provider="urlProvider" finished-at="2025-02-07T12:19:49 IST" duration-ms="1073" status="PASS">
          <params>
            <param index="0">
              <value>
                <![CDATA[https://blog.tsibinc.com/topic/diversity-workforce]]>
              </value>
            </param>
          </params>
          <reporter-output>
          </reporter-output>
        </test-method> <!-- checkAltTags -->
        <test-method signature="checkAltTags(java.lang.String)[pri:0, instance:my_projects.ALT_Tag@6aeb35e6]" started-at="2025-02-07T12:19:49 IST" name="checkAltTags" data-provider="urlProvider" finished-at="2025-02-07T12:19:50 IST" duration-ms="1426" status="PASS">
          <params>
            <param index="0">
              <value>
                <![CDATA[https://blog.tsibinc.com/cybersecurity-risks-and-threats-in-construction]]>
              </value>
            </param>
          </params>
          <reporter-output>
          </reporter-output>
        </test-method> <!-- checkAltTags -->
        <test-method signature="checkAltTags(java.lang.String)[pri:0, instance:my_projects.ALT_Tag@6aeb35e6]" started-at="2025-02-07T12:19:50 IST" name="checkAltTags" data-provider="urlProvider" finished-at="2025-02-07T12:19:53 IST" duration-ms="2993" status="PASS">
          <params>
            <param index="0">
              <value>
                <![CDATA[https://blog.tsibinc.com/topic/mwbe]]>
              </value>
            </param>
          </params>
          <reporter-output>
          </reporter-output>
        </test-method> <!-- checkAltTags -->
        <test-method signature="checkAltTags(java.lang.String)[pri:0, instance:my_projects.ALT_Tag@6aeb35e6]" started-at="2025-02-07T12:19:53 IST" name="checkAltTags" data-provider="urlProvider" finished-at="2025-02-07T12:19:57 IST" duration-ms="4328" status="PASS">
          <params>
            <param index="0">
              <value>
                <![CDATA[https://blog.tsibinc.com/placing-a-wrap-series-carrier-meetings]]>
              </value>
            </param>
          </params>
          <reporter-output>
          </reporter-output>
        </test-method> <!-- checkAltTags -->
        <test-method signature="checkAltTags(java.lang.String)[pri:0, instance:my_projects.ALT_Tag@6aeb35e6]" started-at="2025-02-07T12:19:57 IST" name="checkAltTags" data-provider="urlProvider" finished-at="2025-02-07T12:19:59 IST" duration-ms="1327" status="PASS">
          <params>
            <param index="0">
              <value>
                <![CDATA[https://blog.tsibinc.com/topic/partnership]]>
              </value>
            </param>
          </params>
          <reporter-output>
          </reporter-output>
        </test-method> <!-- checkAltTags -->
        <test-method signature="checkAltTags(java.lang.String)[pri:0, instance:my_projects.ALT_Tag@6aeb35e6]" started-at="2025-02-07T12:19:59 IST" name="checkAltTags" data-provider="urlProvider" finished-at="2025-02-07T12:20:00 IST" duration-ms="1112" status="PASS">
          <params>
            <param index="0">
              <value>
                <![CDATA[https://blog.tsibinc.com/topic/new-york-contractor]]>
              </value>
            </param>
          </params>
          <reporter-output>
          </reporter-output>
        </test-method> <!-- checkAltTags -->
        <test-method signature="checkAltTags(java.lang.String)[pri:0, instance:my_projects.ALT_Tag@6aeb35e6]" started-at="2025-02-07T12:20:00 IST" name="checkAltTags" data-provider="urlProvider" finished-at="2025-02-07T12:20:01 IST" duration-ms="1194" status="PASS">
          <params>
            <param index="0">
              <value>
                <![CDATA[https://blog.tsibinc.com/topic/employee-benefits]]>
              </value>
            </param>
          </params>
          <reporter-output>
          </reporter-output>
        </test-method> <!-- checkAltTags -->
        <test-method signature="checkAltTags(java.lang.String)[pri:0, instance:my_projects.ALT_Tag@6aeb35e6]" started-at="2025-02-07T12:20:01 IST" name="checkAltTags" data-provider="urlProvider" finished-at="2025-02-07T12:20:02 IST" duration-ms="1029" status="PASS">
          <params>
            <param index="0">
              <value>
                <![CDATA[https://blog.tsibinc.com/topic/compliance]]>
              </value>
            </param>
          </params>
          <reporter-output>
          </reporter-output>
        </test-method> <!-- checkAltTags -->
        <test-method signature="checkAltTags(java.lang.String)[pri:0, instance:my_projects.ALT_Tag@6aeb35e6]" started-at="2025-02-07T12:20:02 IST" name="checkAltTags" data-provider="urlProvider" finished-at="2025-02-07T12:20:04 IST" duration-ms="1612" status="PASS">
          <params>
            <param index="0">
              <value>
                <![CDATA[https://blog.tsibinc.com/topic/workforce]]>
              </value>
            </param>
          </params>
          <reporter-output>
          </reporter-output>
        </test-method> <!-- checkAltTags -->
        <test-method signature="checkAltTags(java.lang.String)[pri:0, instance:my_projects.ALT_Tag@6aeb35e6]" started-at="2025-02-07T12:20:04 IST" name="checkAltTags" data-provider="urlProvider" finished-at="2025-02-07T12:20:05 IST" duration-ms="1268" status="PASS">
          <params>
            <param index="0">
              <value>
                <![CDATA[https://blog.tsibinc.com/topic/reinsurance]]>
              </value>
            </param>
          </params>
          <reporter-output>
          </reporter-output>
        </test-method> <!-- checkAltTags -->
        <test-method signature="checkAltTags(java.lang.String)[pri:0, instance:my_projects.ALT_Tag@6aeb35e6]" started-at="2025-02-07T12:20:05 IST" name="checkAltTags" data-provider="urlProvider" finished-at="2025-02-07T12:20:06 IST" duration-ms="1202" status="PASS">
          <params>
            <param index="0">
              <value>
                <![CDATA[https://blog.tsibinc.com/topic/ocip]]>
              </value>
            </param>
          </params>
          <reporter-output>
          </reporter-output>
        </test-method> <!-- checkAltTags -->
        <test-method signature="checkAltTags(java.lang.String)[pri:0, instance:my_projects.ALT_Tag@6aeb35e6]" started-at="2025-02-07T12:20:06 IST" name="checkAltTags" data-provider="urlProvider" finished-at="2025-02-07T12:20:07 IST" duration-ms="1282" status="PASS">
          <params>
            <param index="0">
              <value>
                <![CDATA[https://blog.tsibinc.com/topic/diversity-outreach]]>
              </value>
            </param>
          </params>
          <reporter-output>
          </reporter-output>
        </test-method> <!-- checkAltTags -->
        <test-method signature="checkAltTags(java.lang.String)[pri:0, instance:my_projects.ALT_Tag@6aeb35e6]" started-at="2025-02-07T12:20:07 IST" name="checkAltTags" data-provider="urlProvider" finished-at="2025-02-07T12:20:09 IST" duration-ms="1726" status="PASS">
          <params>
            <param index="0">
              <value>
                <![CDATA[https://blog.tsibinc.com/topic/builders-risk]]>
              </value>
            </param>
          </params>
          <reporter-output>
          </reporter-output>
        </test-method> <!-- checkAltTags -->
        <test-method signature="checkAltTags(java.lang.String)[pri:0, instance:my_projects.ALT_Tag@6aeb35e6]" started-at="2025-02-07T12:20:09 IST" name="checkAltTags" data-provider="urlProvider" finished-at="2025-02-07T12:20:10 IST" duration-ms="1351" status="PASS">
          <params>
            <param index="0">
              <value>
                <![CDATA[https://blog.tsibinc.com/topic/construction-trends]]>
              </value>
            </param>
          </params>
          <reporter-output>
          </reporter-output>
        </test-method> <!-- checkAltTags -->
        <test-method signature="checkAltTags(java.lang.String)[pri:0, instance:my_projects.ALT_Tag@6aeb35e6]" started-at="2025-02-07T12:20:10 IST" name="checkAltTags" data-provider="urlProvider" finished-at="2025-02-07T12:20:12 IST" duration-ms="1331" status="PASS">
          <params>
            <param index="0">
              <value>
                <![CDATA[https://blog.tsibinc.com/topic/placing-a-wrap-up-series/page/2]]>
              </value>
            </param>
          </params>
          <reporter-output>
          </reporter-output>
        </test-method> <!-- checkAltTags -->
        <test-method signature="checkAltTags(java.lang.String)[pri:0, instance:my_projects.ALT_Tag@6aeb35e6]" started-at="2025-02-07T12:20:12 IST" name="checkAltTags" data-provider="urlProvider" finished-at="2025-02-07T12:20:13 IST" duration-ms="933" status="PASS">
          <params>
            <param index="0">
              <value>
                <![CDATA[https://blog.tsibinc.com/topic/employment-practice-liability]]>
              </value>
            </param>
          </params>
          <reporter-output>
          </reporter-output>
        </test-method> <!-- checkAltTags -->
        <test-method signature="checkAltTags(java.lang.String)[pri:0, instance:my_projects.ALT_Tag@6aeb35e6]" started-at="2025-02-07T12:20:13 IST" name="checkAltTags" data-provider="urlProvider" finished-at="2025-02-07T12:20:14 IST" duration-ms="1150" status="PASS">
          <params>
            <param index="0">
              <value>
                <![CDATA[https://blog.tsibinc.com/topic/contracts]]>
              </value>
            </param>
          </params>
          <reporter-output>
          </reporter-output>
        </test-method> <!-- checkAltTags -->
        <test-method signature="checkAltTags(java.lang.String)[pri:0, instance:my_projects.ALT_Tag@6aeb35e6]" started-at="2025-02-07T12:20:14 IST" name="checkAltTags" data-provider="urlProvider" finished-at="2025-02-07T12:20:15 IST" duration-ms="1225" status="PASS">
          <params>
            <param index="0">
              <value>
                <![CDATA[https://blog.tsibinc.com/topic/pollution-legal-liability-insurance]]>
              </value>
            </param>
          </params>
          <reporter-output>
          </reporter-output>
        </test-method> <!-- checkAltTags -->
        <test-method signature="checkAltTags(java.lang.String)[pri:0, instance:my_projects.ALT_Tag@6aeb35e6]" started-at="2025-02-07T12:20:15 IST" name="checkAltTags" data-provider="urlProvider" finished-at="2025-02-07T12:20:16 IST" duration-ms="1193" status="PASS">
          <params>
            <param index="0">
              <value>
                <![CDATA[https://blog.tsibinc.com/topic/drone-insurance]]>
              </value>
            </param>
          </params>
          <reporter-output>
          </reporter-output>
        </test-method> <!-- checkAltTags -->
        <test-method signature="checkAltTags(java.lang.String)[pri:0, instance:my_projects.ALT_Tag@6aeb35e6]" started-at="2025-02-07T12:20:16 IST" name="checkAltTags" data-provider="urlProvider" finished-at="2025-02-07T12:20:17 IST" duration-ms="1218" status="PASS">
          <params>
            <param index="0">
              <value>
                <![CDATA[https://blog.tsibinc.com/topic/tsib]]>
              </value>
            </param>
          </params>
          <reporter-output>
          </reporter-output>
        </test-method> <!-- checkAltTags -->
        <test-method signature="checkAltTags(java.lang.String)[pri:0, instance:my_projects.ALT_Tag@6aeb35e6]" started-at="2025-02-07T12:20:17 IST" name="checkAltTags" data-provider="urlProvider" finished-at="2025-02-07T12:20:19 IST" duration-ms="1801" status="PASS">
          <params>
            <param index="0">
              <value>
                <![CDATA[https://blog.tsibinc.com/nys-appellate-court-finds-wc-claim-compensable]]>
              </value>
            </param>
          </params>
          <reporter-output>
          </reporter-output>
        </test-method> <!-- checkAltTags -->
        <test-method signature="checkAltTags(java.lang.String)[pri:0, instance:my_projects.ALT_Tag@6aeb35e6]" started-at="2025-02-07T12:20:19 IST" name="checkAltTags" data-provider="urlProvider" finished-at="2025-02-07T12:20:20 IST" duration-ms="1147" status="PASS">
          <params>
            <param index="0">
              <value>
                <![CDATA[https://blog.tsibinc.com/topic/risk-financing]]>
              </value>
            </param>
          </params>
          <reporter-output>
          </reporter-output>
        </test-method> <!-- checkAltTags -->
        <test-method signature="checkAltTags(java.lang.String)[pri:0, instance:my_projects.ALT_Tag@6aeb35e6]" started-at="2025-02-07T12:20:20 IST" name="checkAltTags" data-provider="urlProvider" finished-at="2025-02-07T12:20:22 IST" duration-ms="1294" status="PASS">
          <params>
            <param index="0">
              <value>
                <![CDATA[https://blog.tsibinc.com/topic/construction-risk-management]]>
              </value>
            </param>
          </params>
          <reporter-output>
          </reporter-output>
        </test-method> <!-- checkAltTags -->
        <test-method signature="checkAltTags(java.lang.String)[pri:0, instance:my_projects.ALT_Tag@6aeb35e6]" started-at="2025-02-07T12:20:22 IST" name="checkAltTags" data-provider="urlProvider" finished-at="2025-02-07T12:20:23 IST" duration-ms="1493" status="PASS">
          <params>
            <param index="0">
              <value>
                <![CDATA[https://blog.tsibinc.com/topic/mwbe-fraud-scheme-series]]>
              </value>
            </param>
          </params>
          <reporter-output>
          </reporter-output>
        </test-method> <!-- checkAltTags -->
        <test-method signature="checkAltTags(java.lang.String)[pri:0, instance:my_projects.ALT_Tag@6aeb35e6]" started-at="2025-02-07T12:20:23 IST" name="checkAltTags" data-provider="urlProvider" finished-at="2025-02-07T12:20:24 IST" duration-ms="1072" status="PASS">
          <params>
            <param index="0">
              <value>
                <![CDATA[https://blog.tsibinc.com/topic/contractual-risk-transfer]]>
              </value>
            </param>
          </params>
          <reporter-output>
          </reporter-output>
        </test-method> <!-- checkAltTags -->
        <test-method signature="checkAltTags(java.lang.String)[pri:0, instance:my_projects.ALT_Tag@6aeb35e6]" started-at="2025-02-07T12:20:24 IST" name="checkAltTags" data-provider="urlProvider" finished-at="2025-02-07T12:20:26 IST" duration-ms="1907" status="PASS">
          <params>
            <param index="0">
              <value>
                <![CDATA[https://blog.tsibinc.com/when-to-co-broker-wrap-administration]]>
              </value>
            </param>
          </params>
          <reporter-output>
          </reporter-output>
        </test-method> <!-- checkAltTags -->
        <test-method signature="checkAltTags(java.lang.String)[pri:0, instance:my_projects.ALT_Tag@6aeb35e6]" started-at="2025-02-07T12:20:26 IST" name="checkAltTags" data-provider="urlProvider" finished-at="2025-02-07T12:20:27 IST" duration-ms="1262" status="PASS">
          <params>
            <param index="0">
              <value>
                <![CDATA[https://blog.tsibinc.com/topic/emr]]>
              </value>
            </param>
          </params>
          <reporter-output>
          </reporter-output>
        </test-method> <!-- checkAltTags -->
        <test-method signature="checkAltTags(java.lang.String)[pri:0, instance:my_projects.ALT_Tag@6aeb35e6]" started-at="2025-02-07T12:20:27 IST" name="checkAltTags" data-provider="urlProvider" finished-at="2025-02-07T12:20:29 IST" duration-ms="1410" status="PASS">
          <params>
            <param index="0">
              <value>
                <![CDATA[https://blog.tsibinc.com/topic/completed-operations-coverage]]>
              </value>
            </param>
          </params>
          <reporter-output>
          </reporter-output>
        </test-method> <!-- checkAltTags -->
        <test-method signature="checkAltTags(java.lang.String)[pri:0, instance:my_projects.ALT_Tag@6aeb35e6]" started-at="2025-02-07T12:20:29 IST" name="checkAltTags" data-provider="urlProvider" finished-at="2025-02-07T12:20:30 IST" duration-ms="1189" status="PASS">
          <params>
            <param index="0">
              <value>
                <![CDATA[https://blog.tsibinc.com/topic/construction-commercial-insurance]]>
              </value>
            </param>
          </params>
          <reporter-output>
          </reporter-output>
        </test-method> <!-- checkAltTags -->
        <test-method signature="checkAltTags(java.lang.String)[pri:0, instance:my_projects.ALT_Tag@6aeb35e6]" started-at="2025-02-07T12:20:30 IST" name="checkAltTags" data-provider="urlProvider" finished-at="2025-02-07T12:20:31 IST" duration-ms="1257" status="PASS">
          <params>
            <param index="0">
              <value>
                <![CDATA[https://blog.tsibinc.com/topic/additional-insured]]>
              </value>
            </param>
          </params>
          <reporter-output>
          </reporter-output>
        </test-method> <!-- checkAltTags -->
        <test-method signature="checkAltTags(java.lang.String)[pri:0, instance:my_projects.ALT_Tag@6aeb35e6]" started-at="2025-02-07T12:20:31 IST" name="checkAltTags" data-provider="urlProvider" finished-at="2025-02-07T12:20:32 IST" duration-ms="1135" status="PASS">
          <params>
            <param index="0">
              <value>
                <![CDATA[https://blog.tsibinc.com/topic/pollution-liability-insurance]]>
              </value>
            </param>
          </params>
          <reporter-output>
          </reporter-output>
        </test-method> <!-- checkAltTags -->
        <test-method signature="checkAltTags(java.lang.String)[pri:0, instance:my_projects.ALT_Tag@6aeb35e6]" started-at="2025-02-07T12:20:32 IST" name="checkAltTags" data-provider="urlProvider" finished-at="2025-02-07T12:20:34 IST" duration-ms="1240" status="PASS">
          <params>
            <param index="0">
              <value>
                <![CDATA[https://blog.tsibinc.com/topic/risk-id]]>
              </value>
            </param>
          </params>
          <reporter-output>
          </reporter-output>
        </test-method> <!-- checkAltTags -->
        <test-method signature="checkAltTags(java.lang.String)[pri:0, instance:my_projects.ALT_Tag@6aeb35e6]" started-at="2025-02-07T12:20:34 IST" name="checkAltTags" data-provider="urlProvider" finished-at="2025-02-07T12:20:35 IST" duration-ms="1649" status="PASS">
          <params>
            <param index="0">
              <value>
                <![CDATA[https://blog.tsibinc.com/2025-the-year-we-adopt-ai]]>
              </value>
            </param>
          </params>
          <reporter-output>
          </reporter-output>
        </test-method> <!-- checkAltTags -->
        <test-method signature="checkAltTags(java.lang.String)[pri:0, instance:my_projects.ALT_Tag@6aeb35e6]" started-at="2025-02-07T12:20:35 IST" name="checkAltTags" data-provider="urlProvider" finished-at="2025-02-07T12:20:38 IST" duration-ms="2188" status="PASS">
          <params>
            <param index="0">
              <value>
                <![CDATA[https://blog.tsibinc.com/excluded-subcontractors-what-to-provide-in-a-wrap]]>
              </value>
            </param>
          </params>
          <reporter-output>
          </reporter-output>
        </test-method> <!-- checkAltTags -->
        <test-method signature="checkAltTags(java.lang.String)[pri:0, instance:my_projects.ALT_Tag@6aeb35e6]" started-at="2025-02-07T12:20:38 IST" name="checkAltTags" data-provider="urlProvider" finished-at="2025-02-07T12:20:39 IST" duration-ms="1436" status="PASS">
          <params>
            <param index="0">
              <value>
                <![CDATA[https://blog.tsibinc.com/topic/good-faith-efforts]]>
              </value>
            </param>
          </params>
          <reporter-output>
          </reporter-output>
        </test-method> <!-- checkAltTags -->
        <test-method signature="checkAltTags(java.lang.String)[pri:0, instance:my_projects.ALT_Tag@6aeb35e6]" started-at="2025-02-07T12:20:39 IST" name="checkAltTags" data-provider="urlProvider" finished-at="2025-02-07T12:20:40 IST" duration-ms="1381" status="PASS">
          <params>
            <param index="0">
              <value>
                <![CDATA[https://blog.tsibinc.com/topic/market-submission]]>
              </value>
            </param>
          </params>
          <reporter-output>
          </reporter-output>
        </test-method> <!-- checkAltTags -->
        <test-method signature="checkAltTags(java.lang.String)[pri:0, instance:my_projects.ALT_Tag@6aeb35e6]" started-at="2025-02-07T12:20:40 IST" name="checkAltTags" data-provider="urlProvider" finished-at="2025-02-07T12:20:42 IST" duration-ms="1747" status="PASS">
          <params>
            <param index="0">
              <value>
                <![CDATA[https://blog.tsibinc.com/topic/cyber]]>
              </value>
            </param>
          </params>
          <reporter-output>
          </reporter-output>
        </test-method> <!-- checkAltTags -->
        <test-method signature="checkAltTags(java.lang.String)[pri:0, instance:my_projects.ALT_Tag@6aeb35e6]" started-at="2025-02-07T12:20:42 IST" name="checkAltTags" data-provider="urlProvider" finished-at="2025-02-07T12:20:43 IST" duration-ms="1395" status="PASS">
          <params>
            <param index="0">
              <value>
                <![CDATA[https://blog.tsibinc.com/should-i-consider-a-captive]]>
              </value>
            </param>
          </params>
          <reporter-output>
          </reporter-output>
        </test-method> <!-- checkAltTags -->
        <test-method signature="checkAltTags(java.lang.String)[pri:0, instance:my_projects.ALT_Tag@6aeb35e6]" started-at="2025-02-07T12:20:43 IST" name="checkAltTags" data-provider="urlProvider" finished-at="2025-02-07T12:20:45 IST" duration-ms="1770" status="PASS">
          <params>
            <param index="0">
              <value>
                <![CDATA[https://blog.tsibinc.com/self-insurance-plan-options]]>
              </value>
            </param>
          </params>
          <reporter-output>
          </reporter-output>
        </test-method> <!-- checkAltTags -->
        <test-method signature="checkAltTags(java.lang.String)[pri:0, instance:my_projects.ALT_Tag@6aeb35e6]" started-at="2025-02-07T12:20:45 IST" name="checkAltTags" data-provider="urlProvider" finished-at="2025-02-07T12:20:48 IST" duration-ms="2306" status="PASS">
          <params>
            <param index="0">
              <value>
                <![CDATA[https://blog.tsibinc.com/captive-insurance-programs]]>
              </value>
            </param>
          </params>
          <reporter-output>
          </reporter-output>
        </test-method> <!-- checkAltTags -->
        <test-method signature="checkAltTags(java.lang.String)[pri:0, instance:my_projects.ALT_Tag@6aeb35e6]" started-at="2025-02-07T12:20:48 IST" name="checkAltTags" data-provider="urlProvider" finished-at="2025-02-07T12:20:49 IST" duration-ms="1507" status="PASS">
          <params>
            <param index="0">
              <value>
                <![CDATA[https://blog.tsibinc.com/captive-101-the-basics-your-construction-company-should-know-part-1]]>
              </value>
            </param>
          </params>
          <reporter-output>
          </reporter-output>
        </test-method> <!-- checkAltTags -->
        <test-method signature="checkAltTags(java.lang.String)[pri:0, instance:my_projects.ALT_Tag@6aeb35e6]" started-at="2025-02-07T12:20:49 IST" name="checkAltTags" data-provider="urlProvider" finished-at="2025-02-07T12:20:51 IST" duration-ms="1906" status="PASS">
          <params>
            <param index="0">
              <value>
                <![CDATA[https://blog.tsibinc.com/3-captive-insurance-questions]]>
              </value>
            </param>
          </params>
          <reporter-output>
          </reporter-output>
        </test-method> <!-- checkAltTags -->
        <test-method signature="checkAltTags(java.lang.String)[pri:0, instance:my_projects.ALT_Tag@6aeb35e6]" started-at="2025-02-07T12:20:51 IST" name="checkAltTags" data-provider="urlProvider" finished-at="2025-02-07T12:20:53 IST" duration-ms="1703" status="PASS">
          <params>
            <param index="0">
              <value>
                <![CDATA[https://blog.tsibinc.com/captive-101-traditional-insurance-vs-captive-insurance]]>
              </value>
            </param>
          </params>
          <reporter-output>
          </reporter-output>
        </test-method> <!-- checkAltTags -->
        <test-method signature="checkAltTags(java.lang.String)[pri:0, instance:my_projects.ALT_Tag@6aeb35e6]" started-at="2025-02-07T12:20:53 IST" name="checkAltTags" data-provider="urlProvider" finished-at="2025-02-07T12:20:54 IST" duration-ms="1413" status="PASS">
          <params>
            <param index="0">
              <value>
                <![CDATA[https://blog.tsibinc.com/the-different-roles-in-a-property-casualty-loss]]>
              </value>
            </param>
          </params>
          <reporter-output>
          </reporter-output>
        </test-method> <!-- checkAltTags -->
        <test-method signature="checkAltTags(java.lang.String)[pri:0, instance:my_projects.ALT_Tag@6aeb35e6]" started-at="2025-02-07T12:20:54 IST" name="checkAltTags" data-provider="urlProvider" finished-at="2025-02-07T12:20:56 IST" duration-ms="1410" status="PASS">
          <params>
            <param index="0">
              <value>
                <![CDATA[https://blog.tsibinc.com/how-a-late-claims-notice-can-affect-owners]]>
              </value>
            </param>
          </params>
          <reporter-output>
          </reporter-output>
        </test-method> <!-- checkAltTags -->
        <test-method signature="checkAltTags(java.lang.String)[pri:0, instance:my_projects.ALT_Tag@6aeb35e6]" started-at="2025-02-07T12:20:56 IST" name="checkAltTags" data-provider="urlProvider" finished-at="2025-02-07T12:20:57 IST" duration-ms="1762" status="PASS">
          <params>
            <param index="0">
              <value>
                <![CDATA[https://blog.tsibinc.com/what-is-a-wholesale-insurance-broker-1]]>
              </value>
            </param>
          </params>
          <reporter-output>
          </reporter-output>
        </test-method> <!-- checkAltTags -->
        <test-method signature="checkAltTags(java.lang.String)[pri:0, instance:my_projects.ALT_Tag@6aeb35e6]" started-at="2025-02-07T12:20:57 IST" name="checkAltTags" data-provider="urlProvider" finished-at="2025-02-07T12:20:59 IST" duration-ms="1771" status="PASS">
          <params>
            <param index="0">
              <value>
                <![CDATA[https://blog.tsibinc.com/say-what-when-insurance-terms-sound-humorous]]>
              </value>
            </param>
          </params>
          <reporter-output>
          </reporter-output>
        </test-method> <!-- checkAltTags -->
        <test-method signature="checkAltTags(java.lang.String)[pri:0, instance:my_projects.ALT_Tag@6aeb35e6]" started-at="2025-02-07T12:20:59 IST" name="checkAltTags" data-provider="urlProvider" finished-at="2025-02-07T12:21:01 IST" duration-ms="1992" status="PASS">
          <params>
            <param index="0">
              <value>
                <![CDATA[https://blog.tsibinc.com/court-confirms-vertical-exhaustion-rule]]>
              </value>
            </param>
          </params>
          <reporter-output>
          </reporter-output>
        </test-method> <!-- checkAltTags -->
        <test-method signature="checkAltTags(java.lang.String)[pri:0, instance:my_projects.ALT_Tag@6aeb35e6]" started-at="2025-02-07T12:21:01 IST" name="checkAltTags" data-provider="urlProvider" finished-at="2025-02-07T12:21:02 IST" duration-ms="1277" status="PASS">
          <params>
            <param index="0">
              <value>
                <![CDATA[https://blog.tsibinc.com/topic/construction-insurance/page/3]]>
              </value>
            </param>
          </params>
          <reporter-output>
          </reporter-output>
        </test-method> <!-- checkAltTags -->
        <test-method signature="checkAltTags(java.lang.String)[pri:0, instance:my_projects.ALT_Tag@6aeb35e6]" started-at="2025-02-07T12:21:02 IST" name="checkAltTags" data-provider="urlProvider" finished-at="2025-02-07T12:21:04 IST" duration-ms="1324" status="PASS">
          <params>
            <param index="0">
              <value>
                <![CDATA[https://blog.tsibinc.com/the-importance-of-an-insurance-consultant]]>
              </value>
            </param>
          </params>
          <reporter-output>
          </reporter-output>
        </test-method> <!-- checkAltTags -->
        <test-method signature="checkAltTags(java.lang.String)[pri:0, instance:my_projects.ALT_Tag@6aeb35e6]" started-at="2025-02-07T12:21:04 IST" name="checkAltTags" data-provider="urlProvider" finished-at="2025-02-07T12:21:06 IST" duration-ms="2419" status="PASS">
          <params>
            <param index="0">
              <value>
                <![CDATA[https://blog.tsibinc.com/popular-construction-insurance-acronyms-part-1]]>
              </value>
            </param>
          </params>
          <reporter-output>
          </reporter-output>
        </test-method> <!-- checkAltTags -->
[...]
          <params>
            <param index="0">
              <value>
                <![CDATA[https://blog.tsibinc.com/author/the-tsib-team/page/12]]>
              </value>
            </param>
          </params>
          <reporter-output>
          </reporter-output>
        </test-method> <!-- checkAltTags -->
        <test-method signature="checkAltTags(java.lang.String)[pri:0, instance:my_projects.ALT_Tag@6aeb35e6]" started-at="2025-02-07T12:35:31 IST" name="checkAltTags" data-provider="urlProvider" finished-at="2025-02-07T12:35:33 IST" duration-ms="1599" status="PASS">
          <params>
            <param index="0">
              <value>
                <![CDATA[https://blog.tsibinc.com/author/the-tsib-team/page/13]]>
              </value>
            </param>
          </params>
          <reporter-output>
          </reporter-output>
        </test-method> <!-- checkAltTags -->
        <test-method signature="checkAltTags(java.lang.String)[pri:0, instance:my_projects.ALT_Tag@6aeb35e6]" started-at="2025-02-07T12:35:33 IST" name="checkAltTags" data-provider="urlProvider" finished-at="2025-02-07T12:35:35 IST" duration-ms="1663" status="PASS">
          <params>
            <param index="0">
              <value>
                <![CDATA[https://blog.tsibinc.com/author/the-tsib-team/page/30]]>
              </value>
            </param>
          </params>
          <reporter-output>
          </reporter-output>
        </test-method> <!-- checkAltTags -->
        <test-method signature="checkAltTags(java.lang.String)[pri:0, instance:my_projects.ALT_Tag@6aeb35e6]" started-at="2025-02-07T12:35:35 IST" name="checkAltTags" data-provider="urlProvider" finished-at="2025-02-07T12:35:36 IST" duration-ms="1636" status="PASS">
          <params>
            <param index="0">
              <value>
                <![CDATA[https://blog.tsibinc.com/author/the-tsib-team/page/29]]>
              </value>
            </param>
          </params>
          <reporter-output>
          </reporter-output>
        </test-method> <!-- checkAltTags -->
        <test-method signature="checkAltTags(java.lang.String)[pri:0, instance:my_projects.ALT_Tag@6aeb35e6]" started-at="2025-02-07T12:35:36 IST" name="checkAltTags" data-provider="urlProvider" finished-at="2025-02-07T12:35:38 IST" duration-ms="1571" status="PASS">
          <params>
            <param index="0">
              <value>
                <![CDATA[https://blog.tsibinc.com/page/17]]>
              </value>
            </param>
          </params>
          <reporter-output>
          </reporter-output>
        </test-method> <!-- checkAltTags -->
        <test-method signature="checkAltTags(java.lang.String)[pri:0, instance:my_projects.ALT_Tag@6aeb35e6]" started-at="2025-02-07T12:35:38 IST" name="checkAltTags" data-provider="urlProvider" finished-at="2025-02-07T12:35:40 IST" duration-ms="2270" status="PASS">
          <params>
            <param index="0">
              <value>
                <![CDATA[https://blog.tsibinc.com/page/25]]>
              </value>
            </param>
          </params>
          <reporter-output>
          </reporter-output>
        </test-method> <!-- checkAltTags -->
        <test-method signature="checkAltTags(java.lang.String)[pri:0, instance:my_projects.ALT_Tag@6aeb35e6]" started-at="2025-02-07T12:35:40 IST" name="checkAltTags" data-provider="urlProvider" finished-at="2025-02-07T12:35:42 IST" duration-ms="1596" status="PASS">
          <params>
            <param index="0">
              <value>
                <![CDATA[https://blog.tsibinc.com/page/26]]>
              </value>
            </param>
          </params>
          <reporter-output>
          </reporter-output>
        </test-method> <!-- checkAltTags -->
        <test-method signature="checkAltTags(java.lang.String)[pri:0, instance:my_projects.ALT_Tag@6aeb35e6]" started-at="2025-02-07T12:35:42 IST" name="checkAltTags" data-provider="urlProvider" finished-at="2025-02-07T12:35:43 IST" duration-ms="1515" status="PASS">
          <params>
            <param index="0">
              <value>
                <![CDATA[https://blog.tsibinc.com/page/16]]>
              </value>
            </param>
          </params>
          <reporter-output>
          </reporter-output>
        </test-method> <!-- checkAltTags -->
        <test-method signature="checkAltTags(java.lang.String)[pri:0, instance:my_projects.ALT_Tag@6aeb35e6]" started-at="2025-02-07T12:35:43 IST" name="checkAltTags" data-provider="urlProvider" finished-at="2025-02-07T12:35:45 IST" duration-ms="1805" status="PASS">
          <params>
            <param index="0">
              <value>
                <![CDATA[https://blog.tsibinc.com/topic/new-york-contractor/page/2]]>
              </value>
            </param>
          </params>
          <reporter-output>
          </reporter-output>
        </test-method> <!-- checkAltTags -->
        <test-method signature="checkAltTags(java.lang.String)[pri:0, instance:my_projects.ALT_Tag@6aeb35e6]" started-at="2025-02-07T12:35:45 IST" name="checkAltTags" data-provider="urlProvider" finished-at="2025-02-07T12:35:47 IST" duration-ms="2178" status="PASS">
          <params>
            <param index="0">
              <value>
                <![CDATA[https://blog.tsibinc.com/page/24]]>
              </value>
            </param>
          </params>
          <reporter-output>
          </reporter-output>
        </test-method> <!-- checkAltTags -->
        <test-method signature="checkAltTags(java.lang.String)[pri:0, instance:my_projects.ALT_Tag@6aeb35e6]" started-at="2025-02-07T12:35:47 IST" name="checkAltTags" data-provider="urlProvider" finished-at="2025-02-07T12:35:49 IST" duration-ms="1748" status="PASS">
          <params>
            <param index="0">
              <value>
                <![CDATA[https://blog.tsibinc.com/page/23]]>
              </value>
            </param>
          </params>
          <reporter-output>
          </reporter-output>
        </test-method> <!-- checkAltTags -->
        <test-method signature="checkAltTags(java.lang.String)[pri:0, instance:my_projects.ALT_Tag@6aeb35e6]" started-at="2025-02-07T12:35:49 IST" name="checkAltTags" data-provider="urlProvider" finished-at="2025-02-07T12:35:51 IST" duration-ms="1809" status="PASS">
          <params>
            <param index="0">
              <value>
                <![CDATA[https://blog.tsibinc.com/topic/icap/page/2]]>
              </value>
            </param>
          </params>
          <reporter-output>
          </reporter-output>
        </test-method> <!-- checkAltTags -->
        <test-method signature="checkAltTags(java.lang.String)[pri:0, instance:my_projects.ALT_Tag@6aeb35e6]" started-at="2025-02-07T12:35:51 IST" name="checkAltTags" data-provider="urlProvider" finished-at="2025-02-07T12:35:52 IST" duration-ms="1284" status="PASS">
          <params>
            <param index="0">
              <value>
                <![CDATA[https://blog.tsibinc.com/page/18]]>
              </value>
            </param>
          </params>
          <reporter-output>
          </reporter-output>
        </test-method> <!-- checkAltTags -->
        <test-method signature="checkAltTags(java.lang.String)[pri:0, instance:my_projects.ALT_Tag@6aeb35e6]" started-at="2025-02-07T12:35:52 IST" name="checkAltTags" data-provider="urlProvider" finished-at="2025-02-07T12:35:53 IST" duration-ms="1352" status="PASS">
          <params>
            <param index="0">
              <value>
                <![CDATA[https://blog.tsibinc.com/topic/completed-operations-coverage/page/2]]>
              </value>
            </param>
          </params>
          <reporter-output>
          </reporter-output>
        </test-method> <!-- checkAltTags -->
        <test-method signature="checkAltTags(java.lang.String)[pri:0, instance:my_projects.ALT_Tag@6aeb35e6]" started-at="2025-02-07T12:35:53 IST" name="checkAltTags" data-provider="urlProvider" finished-at="2025-02-07T12:35:54 IST" duration-ms="1062" status="PASS">
          <params>
            <param index="0">
              <value>
                <![CDATA[https://blog.tsibinc.com/author/the-tsib-team/page/27]]>
              </value>
            </param>
          </params>
          <reporter-output>
          </reporter-output>
        </test-method> <!-- checkAltTags -->
        <test-method signature="checkAltTags(java.lang.String)[pri:0, instance:my_projects.ALT_Tag@6aeb35e6]" started-at="2025-02-07T12:35:54 IST" name="checkAltTags" data-provider="urlProvider" finished-at="2025-02-07T12:35:56 IST" duration-ms="1689" status="PASS">
          <params>
            <param index="0">
              <value>
                <![CDATA[https://blog.tsibinc.com/author/the-tsib-team/page/28]]>
              </value>
            </param>
          </params>
          <reporter-output>
          </reporter-output>
        </test-method> <!-- checkAltTags -->
        <test-method signature="checkAltTags(java.lang.String)[pri:0, instance:my_projects.ALT_Tag@6aeb35e6]" started-at="2025-02-07T12:35:56 IST" name="checkAltTags" data-provider="urlProvider" finished-at="2025-02-07T12:35:57 IST" duration-ms="1212" status="PASS">
          <params>
            <param index="0">
              <value>
                <![CDATA[https://blog.tsibinc.com/author/the-tsib-team/page/15]]>
              </value>
            </param>
          </params>
          <reporter-output>
          </reporter-output>
        </test-method> <!-- checkAltTags -->
        <test-method signature="checkAltTags(java.lang.String)[pri:0, instance:my_projects.ALT_Tag@6aeb35e6]" started-at="2025-02-07T12:35:57 IST" name="checkAltTags" data-provider="urlProvider" finished-at="2025-02-07T12:35:59 IST" duration-ms="1717" status="PASS">
          <params>
            <param index="0">
              <value>
                <![CDATA[https://blog.tsibinc.com/author/the-tsib-team/page/14]]>
              </value>
            </param>
          </params>
          <reporter-output>
          </reporter-output>
        </test-method> <!-- checkAltTags -->
        <test-method signature="checkAltTags(java.lang.String)[pri:0, instance:my_projects.ALT_Tag@6aeb35e6]" started-at="2025-02-07T12:35:59 IST" name="checkAltTags" data-provider="urlProvider" finished-at="2025-02-07T12:36:01 IST" duration-ms="1918" status="PASS">
          <params>
            <param index="0">
              <value>
                <![CDATA[https://blog.tsibinc.com/author/the-tsib-team/page/26]]>
              </value>
            </param>
          </params>
          <reporter-output>
          </reporter-output>
        </test-method> <!-- checkAltTags -->
        <test-method signature="checkAltTags(java.lang.String)[pri:0, instance:my_projects.ALT_Tag@6aeb35e6]" started-at="2025-02-07T12:36:01 IST" name="checkAltTags" data-provider="urlProvider" finished-at="2025-02-07T12:36:02 IST" duration-ms="1040" status="PASS">
          <params>
            <param index="0">
              <value>
                <![CDATA[https://blog.tsibinc.com/author/the-tsib-team/page/25]]>
              </value>
            </param>
          </params>
          <reporter-output>
          </reporter-output>
        </test-method> <!-- checkAltTags -->
        <test-method signature="checkAltTags(java.lang.String)[pri:0, instance:my_projects.ALT_Tag@6aeb35e6]" started-at="2025-02-07T12:36:02 IST" name="checkAltTags" data-provider="urlProvider" finished-at="2025-02-07T12:36:03 IST" duration-ms="1242" status="PASS">
          <params>
            <param index="0">
              <value>
                <![CDATA[https://blog.tsibinc.com/page/19]]>
              </value>
            </param>
          </params>
          <reporter-output>
          </reporter-output>
        </test-method> <!-- checkAltTags -->
        <test-method signature="checkAltTags(java.lang.String)[pri:0, instance:my_projects.ALT_Tag@6aeb35e6]" started-at="2025-02-07T12:36:03 IST" name="checkAltTags" data-provider="urlProvider" finished-at="2025-02-07T12:36:05 IST" duration-ms="1757" status="PASS">
          <params>
            <param index="0">
              <value>
                <![CDATA[https://blog.tsibinc.com/author/the-tsib-team/page/17]]>
              </value>
            </param>
          </params>
          <reporter-output>
          </reporter-output>
        </test-method> <!-- checkAltTags -->
        <test-method signature="checkAltTags(java.lang.String)[pri:0, instance:my_projects.ALT_Tag@6aeb35e6]" started-at="2025-02-07T12:36:05 IST" name="checkAltTags" data-provider="urlProvider" finished-at="2025-02-07T12:36:07 IST" duration-ms="1957" status="PASS">
          <params>
            <param index="0">
              <value>
                <![CDATA[https://blog.tsibinc.com/author/the-tsib-team/page/16]]>
              </value>
            </param>
          </params>
          <reporter-output>
          </reporter-output>
        </test-method> <!-- checkAltTags -->
        <test-method signature="checkAltTags(java.lang.String)[pri:0, instance:my_projects.ALT_Tag@6aeb35e6]" started-at="2025-02-07T12:36:07 IST" name="checkAltTags" data-provider="urlProvider" finished-at="2025-02-07T12:36:10 IST" duration-ms="2921" status="PASS">
          <params>
            <param index="0">
              <value>
                <![CDATA[https://blog.tsibinc.com/page/20]]>
              </value>
            </param>
          </params>
          <reporter-output>
          </reporter-output>
        </test-method> <!-- checkAltTags -->
        <test-method signature="checkAltTags(java.lang.String)[pri:0, instance:my_projects.ALT_Tag@6aeb35e6]" started-at="2025-02-07T12:36:10 IST" name="checkAltTags" data-provider="urlProvider" finished-at="2025-02-07T12:36:11 IST" duration-ms="1176" status="PASS">
          <params>
            <param index="0">
              <value>
                <![CDATA[https://blog.tsibinc.com/page/22]]>
              </value>
            </param>
          </params>
          <reporter-output>
          </reporter-output>
        </test-method> <!-- checkAltTags -->
        <test-method signature="checkAltTags(java.lang.String)[pri:0, instance:my_projects.ALT_Tag@6aeb35e6]" started-at="2025-02-07T12:36:11 IST" name="checkAltTags" data-provider="urlProvider" finished-at="2025-02-07T12:36:12 IST" duration-ms="1342" status="PASS">
          <params>
            <param index="0">
              <value>
                <![CDATA[https://blog.tsibinc.com/page/21]]>
              </value>
            </param>
          </params>
          <reporter-output>
          </reporter-output>
        </test-method> <!-- checkAltTags -->
        <test-method signature="checkAltTags(java.lang.String)[pri:0, instance:my_projects.ALT_Tag@6aeb35e6]" started-at="2025-02-07T12:36:12 IST" name="checkAltTags" data-provider="urlProvider" finished-at="2025-02-07T12:36:13 IST" duration-ms="998" status="PASS">
          <params>
            <param index="0">
              <value>
                <![CDATA[https://blog.tsibinc.com/author/the-tsib-team/page/19]]>
              </value>
            </param>
          </params>
          <reporter-output>
          </reporter-output>
        </test-method> <!-- checkAltTags -->
        <test-method signature="checkAltTags(java.lang.String)[pri:0, instance:my_projects.ALT_Tag@6aeb35e6]" started-at="2025-02-07T12:36:13 IST" name="checkAltTags" data-provider="urlProvider" finished-at="2025-02-07T12:36:15 IST" duration-ms="1049" status="PASS">
          <params>
            <param index="0">
              <value>
                <![CDATA[https://blog.tsibinc.com/author/the-tsib-team/page/18]]>
              </value>
            </param>
          </params>
          <reporter-output>
          </reporter-output>
        </test-method> <!-- checkAltTags -->
        <test-method signature="checkAltTags(java.lang.String)[pri:0, instance:my_projects.ALT_Tag@6aeb35e6]" started-at="2025-02-07T12:36:15 IST" name="checkAltTags" data-provider="urlProvider" finished-at="2025-02-07T12:36:16 IST" duration-ms="1053" status="PASS">
          <params>
            <param index="0">
              <value>
                <![CDATA[https://blog.tsibinc.com/author/the-tsib-team/page/24]]>
              </value>
            </param>
          </params>
          <reporter-output>
          </reporter-output>
        </test-method> <!-- checkAltTags -->
        <test-method signature="checkAltTags(java.lang.String)[pri:0, instance:my_projects.ALT_Tag@6aeb35e6]" started-at="2025-02-07T12:36:16 IST" name="checkAltTags" data-provider="urlProvider" finished-at="2025-02-07T12:36:17 IST" duration-ms="1252" status="PASS">
          <params>
            <param index="0">
              <value>
                <![CDATA[https://blog.tsibinc.com/author/the-tsib-team/page/20]]>
              </value>
            </param>
          </params>
          <reporter-output>
          </reporter-output>
        </test-method> <!-- checkAltTags -->
        <test-method signature="checkAltTags(java.lang.String)[pri:0, instance:my_projects.ALT_Tag@6aeb35e6]" started-at="2025-02-07T12:36:17 IST" name="checkAltTags" data-provider="urlProvider" finished-at="2025-02-07T12:36:18 IST" duration-ms="1200" status="PASS">
          <params>
            <param index="0">
              <value>
                <![CDATA[https://blog.tsibinc.com/author/the-tsib-team/page/21]]>
              </value>
            </param>
          </params>
          <reporter-output>
          </reporter-output>
        </test-method> <!-- checkAltTags -->
        <test-method signature="checkAltTags(java.lang.String)[pri:0, instance:my_projects.ALT_Tag@6aeb35e6]" started-at="2025-02-07T12:36:18 IST" name="checkAltTags" data-provider="urlProvider" finished-at="2025-02-07T12:36:20 IST" duration-ms="1647" status="PASS">
          <params>
            <param index="0">
              <value>
                <![CDATA[https://blog.tsibinc.com/topic/hard-market/page/2]]>
              </value>
            </param>
          </params>
          <reporter-output>
          </reporter-output>
        </test-method> <!-- checkAltTags -->
        <test-method signature="checkAltTags(java.lang.String)[pri:0, instance:my_projects.ALT_Tag@6aeb35e6]" started-at="2025-02-07T12:36:20 IST" name="checkAltTags" data-provider="urlProvider" finished-at="2025-02-07T12:36:21 IST" duration-ms="1631" status="PASS">
          <params>
            <param index="0">
              <value>
                <![CDATA[https://blog.tsibinc.com/author/the-tsib-team/page/23]]>
              </value>
            </param>
          </params>
          <reporter-output>
          </reporter-output>
        </test-method> <!-- checkAltTags -->
        <test-method signature="checkAltTags(java.lang.String)[pri:0, instance:my_projects.ALT_Tag@6aeb35e6]" started-at="2025-02-07T12:36:21 IST" name="checkAltTags" data-provider="urlProvider" finished-at="2025-02-07T12:36:22 IST" duration-ms="925" status="PASS">
          <params>
            <param index="0">
              <value>
                <![CDATA[https://blog.tsibinc.com/author/the-tsib-team/page/22]]>
              </value>
            </param>
          </params>
          <reporter-output>
          </reporter-output>
        </test-method> <!-- checkAltTags -->
        <test-method is-config="true" signature="tearDown()[pri:0, instance:my_projects.ALT_Tag@6aeb35e6]" started-at="2025-02-07T12:36:22 IST" name="tearDown" finished-at="2025-02-07T12:36:23 IST" duration-ms="421" status="PASS">
          <reporter-output>
          </reporter-output>
        </test-method> <!-- tearDown -->
      </class> <!-- my_projects.ALT_Tag -->
    </test> <!-- Default test -->
  </suite> <!-- Default suite -->
</testng-results>
